[2018-12-23 14:30:20] [ERROR] http://dblp.uni-trier.de/db/journals/toplas/ Exc..., try again after 10s
[2018-12-23 14:30:20] [ERROR] HTTPSConnectionPool(host='dblp.uni-trier.de', port=443): Read timed out. (read timeout=20)
[2018-12-23 14:31:39] [ERROR] https://dblp.uni-trier.de/db/journals/toplas/toplas39.html Exc..., try again after 10s
[2018-12-23 14:31:39] [ERROR] HTTPSConnectionPool(host='dblp.uni-trier.de', port=443): Read timed out.
[2018-12-23 14:32:23] [ERROR] https://dblp.uni-trier.de/db/journals/toplas/toplas39.html Exc..., try again after 10s
[2018-12-23 14:32:23] [ERROR] HTTPSConnectionPool(host='dblp.uni-trier.de', port=443): Read timed out. (read timeout=20)
[2018-12-23 14:33:08] [ERROR] https://dblp.uni-trier.de/db/journals/tosem/tosem27.html Exc..., try again after 10s
[2018-12-23 14:33:08] [ERROR] HTTPSConnectionPool(host='dblp.uni-trier.de', port=443): Read timed out. (read timeout=20)
[2018-12-23 14:34:19] [ERROR] https://dblp.uni-trier.de/db/journals/tosem/tosem27.html Exc..., try again after 10s
[2018-12-23 14:34:19] [ERROR] HTTPSConnectionPool(host='dblp.uni-trier.de', port=443): Read timed out.
[2018-12-23 14:35:25] [ERROR] https://dblp.uni-trier.de/db/journals/ese/ese22.html Exc..., try again after 10s
[2018-12-23 14:35:25] [ERROR] HTTPSConnectionPool(host='dblp.uni-trier.de', port=443): Read timed out. (read timeout=20)
[2018-12-23 14:35:55] [ERROR] https://dblp.uni-trier.de/db/journals/ese/ese22.html Exc..., try again after 10s
[2018-12-23 14:35:55] [ERROR] HTTPSConnectionPool(host='dblp.uni-trier.de', port=443): Max retries exceeded with url: /db/journals/ese/ese22.html (Caused by ConnectTimeoutError(<requests.packages.urllib3.connection.VerifiedHTTPSConnection object at 0x0000019FCBCAEDD8>, 'Connection to dblp.uni-trier.de timed out. (connect timeout=20)'))
[2018-12-23 14:36:53] [ERROR] http://dblp.uni-trier.de/db/journals/tsc/ Exc..., try again after 10s
[2018-12-23 14:36:53] [ERROR] HTTPSConnectionPool(host='dblp.uni-trier.de', port=443): Read timed out. (read timeout=20)
[2018-12-23 14:37:41] [ERROR] https://dblp.uni-trier.de/db/journals/tsc/tsc10.html Exc..., try again after 10s
[2018-12-23 14:37:41] [ERROR] HTTPSConnectionPool(host='dblp.uni-trier.de', port=443): Read timed out. (read timeout=20)
[2018-12-23 14:39:11] [ERROR] http://dblp.uni-trier.de/db/journals/ai/ Exc..., try again after 10s
[2018-12-23 14:39:11] [ERROR] HTTPSConnectionPool(host='dblp.uni-trier.de', port=443): Read timed out. (read timeout=20)
[2018-12-23 14:40:34] [ERROR] https://dblp.uni-trier.de/db/journals/ai/ai255.html Exc..., try again after 10s
[2018-12-23 14:40:34] [ERROR] HTTPSConnectionPool(host='dblp.uni-trier.de', port=443): Read timed out. (read timeout=20)
[2018-12-23 14:41:30] [ERROR] https://dblp.uni-trier.de/db/journals/ai/ai255.html Exc..., try again after 10s
[2018-12-23 14:41:30] [ERROR] HTTPSConnectionPool(host='dblp.uni-trier.de', port=443): Read timed out. (read timeout=20)
[2018-12-23 14:42:32] [ERROR] https://dblp.uni-trier.de/db/journals/ai/ai257.html Exc..., try again after 10s
[2018-12-23 14:42:32] [ERROR] HTTPSConnectionPool(host='dblp.uni-trier.de', port=443): Max retries exceeded with url: /db/journals/ai/ai257.html (Caused by ConnectTimeoutError(<requests.packages.urllib3.connection.VerifiedHTTPSConnection object at 0x0000019FCACBE4A8>, 'Connection to dblp.uni-trier.de timed out. (connect timeout=20)'))
[2018-12-23 14:43:20] [ERROR] https://dblp.uni-trier.de/db/journals/ai/ai259.html Exc..., try again after 10s
[2018-12-23 14:43:20] [ERROR] HTTPSConnectionPool(host='dblp.uni-trier.de', port=443): Read timed out.
[2018-12-23 14:44:00] [ERROR] https://dblp.uni-trier.de/db/journals/ai/ai259.html Exc..., try again after 10s
[2018-12-23 14:44:00] [ERROR] HTTPSConnectionPool(host='dblp.uni-trier.de', port=443): Read timed out. (read timeout=20)
[2018-12-23 14:45:32] [ERROR] https://dblp.uni-trier.de/db/journals/pieee/pieee106.html Exc..., try again after 10s
[2018-12-23 14:45:32] [ERROR] HTTPSConnectionPool(host='dblp.uni-trier.de', port=443): Read timed out. (read timeout=20)
[2018-12-23 14:46:23] [ERROR] http://dblp.uni-trier.de/db/journals/infsof/index.html Exc..., try again after 10s
[2018-12-23 14:46:23] [ERROR] HTTPSConnectionPool(host='dblp.uni-trier.de', port=443): Read timed out. (read timeout=20)
[2018-12-23 14:46:55] [ERROR] http://dblp.uni-trier.de/db/journals/infsof/index.html Exc..., try again after 10s
[2018-12-23 14:46:55] [ERROR] HTTPSConnectionPool(host='dblp.uni-trier.de', port=443): Read timed out. (read timeout=20)
[2018-12-23 14:48:55] [ERROR] https://dblp.uni-trier.de/db/journals/infsof/infsof101.html Exc..., try again after 10s
[2018-12-23 14:48:55] [ERROR] HTTPSConnectionPool(host='dblp.uni-trier.de', port=443): Read timed out.
[2018-12-23 14:49:52] [ERROR] https://dblp.uni-trier.de/db/journals/infsof/infsof103.html Exc..., try again after 10s
[2018-12-23 14:49:52] [ERROR] HTTPSConnectionPool(host='dblp.uni-trier.de', port=443): Read timed out. (read timeout=20)
[2018-12-23 14:50:37] [ERROR] https://dblp.uni-trier.de/db/journals/infsof/infsof103.html Exc..., try again after 10s
[2018-12-23 14:50:37] [ERROR] HTTPSConnectionPool(host='dblp.uni-trier.de', port=443): Read timed out.
[2018-12-23 14:51:17] [ERROR] https://dblp.uni-trier.de/db/journals/infsof/infsof81.html Exc..., try again after 10s
[2018-12-23 14:51:17] [ERROR] HTTPSConnectionPool(host='dblp.uni-trier.de', port=443): Read timed out. (read timeout=20)
[2018-12-23 14:52:34] [ERROR] https://dblp.uni-trier.de/db/journals/infsof/infsof84.html Exc..., try again after 10s
[2018-12-23 14:52:34] [ERROR] HTTPSConnectionPool(host='dblp.uni-trier.de', port=443): Read timed out. (read timeout=20)
[2018-12-23 14:54:18] [ERROR] https://dblp.uni-trier.de/db/journals/jss/jss132.html Exc..., try again after 10s
[2018-12-23 14:54:18] [ERROR] HTTPSConnectionPool(host='dblp.uni-trier.de', port=443): Read timed out. (read timeout=20)
[2018-12-23 14:55:34] [ERROR] http://dblp.uni-trier.de/db/journals/re/ Exc..., try again after 10s
[2018-12-23 14:55:34] [ERROR] HTTPSConnectionPool(host='dblp.uni-trier.de', port=443): Read timed out. (read timeout=20)
[2018-12-23 14:56:38] [ERROR] http://dblp.uni-trier.de/db/journals/scp/ Exc..., try again after 10s
[2018-12-23 14:56:38] [ERROR] HTTPSConnectionPool(host='dblp.uni-trier.de', port=443): Read timed out. (read timeout=20)
[2018-12-23 14:57:21] [ERROR] http://dblp.uni-trier.de/db/journals/scp/ Exc..., try again after 10s
[2018-12-23 14:57:21] [ERROR] HTTPSConnectionPool(host='dblp.uni-trier.de', port=443): Max retries exceeded with url: /db/journals/scp/ (Caused by ConnectTimeoutError(<requests.packages.urllib3.connection.VerifiedHTTPSConnection object at 0x0000019FCBBACCF8>, 'Connection to dblp.uni-trier.de timed out. (connect timeout=20)'))
[2018-12-23 14:57:57] [ERROR] https://dblp.uni-trier.de/db/journals/scp/scp170.html Exc..., try again after 10s
[2018-12-23 14:57:57] [ERROR] HTTPSConnectionPool(host='dblp.uni-trier.de', port=443): Read timed out. (read timeout=20)
[2018-12-23 14:58:48] [ERROR] https://dblp.uni-trier.de/db/journals/scp/scp160.html Exc..., try again after 10s
[2018-12-23 14:58:48] [ERROR] HTTPSConnectionPool(host='dblp.uni-trier.de', port=443): Read timed out. (read timeout=20)
[2018-12-23 15:00:10] [ERROR] https://dblp.uni-trier.de/db/journals/scp/scp163.html Exc..., try again after 10s
[2018-12-23 15:00:10] [ERROR] HTTPSConnectionPool(host='dblp.uni-trier.de', port=443): Read timed out.
[2018-12-23 15:00:41] [ERROR] https://dblp.uni-trier.de/db/journals/scp/scp163.html Exc..., try again after 10s
[2018-12-23 15:00:41] [ERROR] HTTPSConnectionPool(host='dblp.uni-trier.de', port=443): Read timed out. (read timeout=20)
[2018-12-23 15:01:51] [ERROR] https://dblp.uni-trier.de/db/journals/scp/scp147.html Exc..., try again after 10s
[2018-12-23 15:01:51] [ERROR] HTTPSConnectionPool(host='dblp.uni-trier.de', port=443): Read timed out. (read timeout=20)
[2018-12-23 15:02:27] [ERROR] https://dblp.uni-trier.de/db/journals/scp/scp147.html Exc..., try again after 10s
[2018-12-23 15:02:27] [ERROR] HTTPSConnectionPool(host='dblp.uni-trier.de', port=443): Read timed out. (read timeout=20)
[2018-12-23 15:03:16] [ERROR] https://dblp.uni-trier.de/db/journals/sosym/sosym16.html Exc..., try again after 10s
[2018-12-23 15:03:16] [ERROR] HTTPSConnectionPool(host='dblp.uni-trier.de', port=443): Read timed out. (read timeout=20)
[2018-12-23 15:03:57] [ERROR] https://dblp.uni-trier.de/db/journals/sosym/sosym16.html Exc..., try again after 10s
[2018-12-23 15:03:57] [ERROR] HTTPSConnectionPool(host='dblp.uni-trier.de', port=443): Read timed out. (read timeout=20)
[2018-12-23 15:04:57] [ERROR] https://dblp.uni-trier.de/db/journals/spe/spe48.html Exc..., try again after 10s
[2018-12-23 15:04:57] [ERROR] HTTPSConnectionPool(host='dblp.uni-trier.de', port=443): Read timed out. (read timeout=20)
[2018-12-23 15:06:20] [ERROR] https://dblp.uni-trier.de/db/journals/tomccap/tomccap14.html Exc..., try again after 10s
[2018-12-23 15:06:20] [ERROR] HTTPSConnectionPool(host='dblp.uni-trier.de', port=443): Read timed out. (read timeout=20)
[2018-12-23 15:07:08] [ERROR] https://dblp.uni-trier.de/db/journals/tomccap/tomccap14.html Exc..., try again after 10s
[2018-12-23 15:07:08] [ERROR] HTTPSConnectionPool(host='dblp.uni-trier.de', port=443): Read timed out. (read timeout=20)
[2018-12-23 15:08:26] [ERROR] http://dblp.uni-trier.de/db/journals/tosn/ Exc..., try again after 10s
[2018-12-23 15:08:26] [ERROR] HTTPSConnectionPool(host='dblp.uni-trier.de', port=443): Read timed out. (read timeout=20)
[2018-12-23 15:09:08] [ERROR] https://dblp.uni-trier.de/db/journals/tosn/tosn13.html Exc..., try again after 10s
[2018-12-23 15:09:08] [ERROR] HTTPSConnectionPool(host='dblp.uni-trier.de', port=443): Read timed out. (read timeout=20)
[2018-12-23 15:10:01] [ERROR] https://dblp.uni-trier.de/db/journals/tosn/tosn13.html Exc..., try again after 10s
[2018-12-23 15:10:01] [ERROR] HTTPSConnectionPool(host='dblp.uni-trier.de', port=443): Read timed out.
[2018-12-23 15:11:21] [ERROR] https://dblp.uni-trier.de/db/journals/cn/cn139.html Exc..., try again after 10s
[2018-12-23 15:11:21] [ERROR] HTTPSConnectionPool(host='dblp.uni-trier.de', port=443): Read timed out. (read timeout=20)
[2018-12-23 15:11:51] [ERROR] https://dblp.uni-trier.de/db/journals/cn/cn139.html Exc..., try again after 10s
[2018-12-23 15:11:51] [ERROR] HTTPSConnectionPool(host='dblp.uni-trier.de', port=443): Max retries exceeded with url: /db/journals/cn/cn139.html (Caused by ConnectTimeoutError(<requests.packages.urllib3.connection.VerifiedHTTPSConnection object at 0x0000019FCB9FB198>, 'Connection to dblp.uni-trier.de timed out. (connect timeout=20)'))
[2018-12-23 15:12:25] [ERROR] https://dblp.uni-trier.de/db/journals/cn/cn139.html Exc..., try again after 10s
[2018-12-23 15:12:25] [ERROR] HTTPSConnectionPool(host='dblp.uni-trier.de', port=443): Read timed out. (read timeout=20)
[2018-12-23 15:13:41] [ERROR] https://dblp.uni-trier.de/db/journals/cn/cn141.html Exc..., try again after 10s
[2018-12-23 15:13:41] [ERROR] HTTPSConnectionPool(host='dblp.uni-trier.de', port=443): Read timed out. (read timeout=20)
[2018-12-23 15:14:22] [ERROR] https://dblp.uni-trier.de/db/journals/cn/cn143.html Exc..., try again after 10s
[2018-12-23 15:14:22] [ERROR] HTTPSConnectionPool(host='dblp.uni-trier.de', port=443): Read timed out. (read timeout=20)
[2018-12-23 15:15:14] [ERROR] https://dblp.uni-trier.de/db/journals/cn/cn143.html Exc..., try again after 10s
[2018-12-23 15:15:14] [ERROR] HTTPSConnectionPool(host='dblp.uni-trier.de', port=443): Read timed out.
[2018-12-23 15:16:34] [ERROR] https://dblp.uni-trier.de/db/journals/cn/cn117.html Exc..., try again after 10s
[2018-12-23 15:16:34] [ERROR] HTTPSConnectionPool(host='dblp.uni-trier.de', port=443): Read timed out. (read timeout=20)
[2018-12-23 15:17:06] [ERROR] https://dblp.uni-trier.de/db/journals/cn/cn117.html Exc..., try again after 10s
[2018-12-23 15:17:06] [ERROR] HTTPSConnectionPool(host='dblp.uni-trier.de', port=443): Read timed out. (read timeout=20)
[2018-12-23 15:17:53] [ERROR] https://dblp.uni-trier.de/db/journals/cn/cn119.html Exc..., try again after 10s
[2018-12-23 15:17:53] [ERROR] HTTPSConnectionPool(host='dblp.uni-trier.de', port=443): Read timed out. (read timeout=20)
[2018-12-23 15:19:38] [ERROR] https://dblp.uni-trier.de/db/journals/adhoc/adhoc69.html Exc..., try again after 10s
[2018-12-23 15:19:38] [ERROR] HTTPSConnectionPool(host='dblp.uni-trier.de', port=443): Read timed out.
[2018-12-23 15:20:31] [ERROR] https://dblp.uni-trier.de/db/journals/adhoc/adhoc69.html Exc..., try again after 10s
[2018-12-23 15:20:31] [ERROR] HTTPSConnectionPool(host='dblp.uni-trier.de', port=443): Read timed out. (read timeout=20)
[2018-12-23 15:21:14] [ERROR] https://dblp.uni-trier.de/db/journals/adhoc/adhoc71.html Exc..., try again after 10s
[2018-12-23 15:21:14] [ERROR] HTTPSConnectionPool(host='dblp.uni-trier.de', port=443): Read timed out.
[2018-12-23 15:21:46] [ERROR] https://dblp.uni-trier.de/db/journals/adhoc/adhoc71.html Exc..., try again after 10s
[2018-12-23 15:21:46] [ERROR] HTTPSConnectionPool(host='dblp.uni-trier.de', port=443): Read timed out. (read timeout=20)
[2018-12-23 15:22:44] [ERROR] https://dblp.uni-trier.de/db/journals/adhoc/adhoc74.html Exc..., try again after 10s
[2018-12-23 15:22:44] [ERROR] HTTPSConnectionPool(host='dblp.uni-trier.de', port=443): Read timed out. (read timeout=20)
[2018-12-23 15:24:33] [ERROR] https://dblp.uni-trier.de/db/journals/adhoc/adhoc57.html Exc..., try again after 10s
[2018-12-23 15:24:33] [ERROR] HTTPSConnectionPool(host='dblp.uni-trier.de', port=443): Read timed out.
[2018-12-23 15:25:14] [ERROR] https://dblp.uni-trier.de/db/journals/adhoc/adhoc61.html Exc..., try again after 10s
[2018-12-23 15:25:14] [ERROR] HTTPSConnectionPool(host='dblp.uni-trier.de', port=443): Read timed out. (read timeout=20)
[2018-12-23 15:25:45] [ERROR] https://dblp.uni-trier.de/db/journals/adhoc/adhoc61.html Exc..., try again after 10s
[2018-12-23 15:25:45] [ERROR] HTTPSConnectionPool(host='dblp.uni-trier.de', port=443): Read timed out. (read timeout=20)
[2018-12-23 15:26:26] [ERROR] https://dblp.uni-trier.de/db/journals/adhoc/adhoc63.html Exc..., try again after 10s
[2018-12-23 15:26:26] [ERROR] HTTPSConnectionPool(host='dblp.uni-trier.de', port=443): Read timed out. (read timeout=20)
[2018-12-23 15:27:59] [ERROR] https://dblp.uni-trier.de/db/journals/adhoc/adhoc63.html Exc..., try again after 10s
[2018-12-23 15:27:59] [ERROR] HTTPSConnectionPool(host='dblp.uni-trier.de', port=443): Read timed out.
[2018-12-23 15:28:46] [ERROR] https://dblp.uni-trier.de/db/journals/adhoc/adhoc65.html Exc..., try again after 10s
[2018-12-23 15:28:46] [ERROR] HTTPSConnectionPool(host='dblp.uni-trier.de', port=443): Read timed out.
[2018-12-23 15:29:19] [ERROR] https://dblp.uni-trier.de/db/journals/adhoc/adhoc65.html Exc..., try again after 10s
[2018-12-23 15:29:19] [ERROR] HTTPSConnectionPool(host='dblp.uni-trier.de', port=443): Read timed out. (read timeout=20)
[2018-12-23 15:29:54] [ERROR] https://dblp.uni-trier.de/db/journals/adhoc/adhoc65.html Exc..., try again after 10s
[2018-12-23 15:29:54] [ERROR] HTTPSConnectionPool(host='dblp.uni-trier.de', port=443): Read timed out.
[2018-12-23 15:32:05] [ERROR] https://dblp.uni-trier.de/db/journals/comcom/comcom130.html Exc..., try again after 10s
[2018-12-23 15:32:05] [ERROR] HTTPSConnectionPool(host='dblp.uni-trier.de', port=443): Read timed out. (read timeout=20)
[2018-12-23 15:33:02] [ERROR] https://dblp.uni-trier.de/db/journals/comcom/comcom132.html Exc..., try again after 10s
[2018-12-23 15:33:02] [ERROR] HTTPSConnectionPool(host='dblp.uni-trier.de', port=443): Read timed out.
[2018-12-23 15:33:57] [ERROR] https://dblp.uni-trier.de/db/journals/comcom/comcom132.html Exc..., try again after 10s
[2018-12-23 15:33:57] [ERROR] HTTPSConnectionPool(host='dblp.uni-trier.de', port=443): Read timed out. (read timeout=20)
[2018-12-23 15:34:55] [ERROR] https://dblp.uni-trier.de/db/journals/comcom/comcom106.html Exc..., try again after 10s
[2018-12-23 15:34:55] [ERROR] HTTPSConnectionPool(host='dblp.uni-trier.de', port=443): Read timed out.
[2018-12-23 15:35:41] [ERROR] https://dblp.uni-trier.de/db/journals/comcom/comcom106.html Exc..., try again after 10s
[2018-12-23 15:35:41] [ERROR] HTTPSConnectionPool(host='dblp.uni-trier.de', port=443): Read timed out. (read timeout=20)
[2018-12-23 15:36:15] [ERROR] https://dblp.uni-trier.de/db/journals/comcom/comcom108.html Exc..., try again after 10s
[2018-12-23 15:36:15] [ERROR] HTTPSConnectionPool(host='dblp.uni-trier.de', port=443): Read timed out. (read timeout=20)
[2018-12-23 15:37:14] [ERROR] https://dblp.uni-trier.de/db/journals/comcom/comcom108.html Exc..., try again after 10s
[2018-12-23 15:37:14] [ERROR] HTTPSConnectionPool(host='dblp.uni-trier.de', port=443): Read timed out. (read timeout=20)
[2018-12-23 15:37:55] [ERROR] https://dblp.uni-trier.de/db/journals/comcom/comcom110.html Exc..., try again after 10s
[2018-12-23 15:37:55] [ERROR] HTTPSConnectionPool(host='dblp.uni-trier.de', port=443): Read timed out. (read timeout=20)
[2018-12-23 15:39:01] [ERROR] https://dblp.uni-trier.de/db/journals/comcom/comcom110.html Exc..., try again after 10s
[2018-12-23 15:39:01] [ERROR] HTTPSConnectionPool(host='dblp.uni-trier.de', port=443): Read timed out.
[2018-12-23 15:39:34] [ERROR] https://dblp.uni-trier.de/db/journals/comcom/comcom112.html Exc..., try again after 10s
[2018-12-23 15:39:34] [ERROR] HTTPSConnectionPool(host='dblp.uni-trier.de', port=443): Read timed out. (read timeout=20)
[2018-12-23 15:40:18] [ERROR] https://dblp.uni-trier.de/db/journals/comcom/comcom112.html Exc..., try again after 10s
[2018-12-23 15:40:18] [ERROR] HTTPSConnectionPool(host='dblp.uni-trier.de', port=443): Read timed out. (read timeout=20)
[2018-12-23 15:41:51] [ERROR] http://dblp.uni-trier.de/db/journals/joc/ Exc..., try again after 10s
[2018-12-23 15:41:51] [ERROR] HTTPSConnectionPool(host='dblp.uni-trier.de', port=443): Read timed out.
[2018-12-23 15:43:29] [ERROR] http://dblp.uni-trier.de/db/journals/compsec/ Exc..., try again after 10s
[2018-12-23 15:43:29] [ERROR] HTTPConnectionPool(host='dblp.uni-trier.de', port=80): Read timed out. (read timeout=20)
[2018-12-23 15:44:31] [ERROR] https://dblp.uni-trier.de/db/journals/compsec/compsec70.html Exc..., try again after 10s
[2018-12-23 15:44:31] [ERROR] HTTPSConnectionPool(host='dblp.uni-trier.de', port=443): Read timed out. (read timeout=20)
[2018-12-23 15:45:35] [ERROR] https://dblp.uni-trier.de/db/journals/compsec/compsec70.html Exc..., try again after 10s
[2018-12-23 15:45:35] [ERROR] HTTPSConnectionPool(host='dblp.uni-trier.de', port=443): Read timed out.
[2018-12-23 15:46:13] [ERROR] http://dblp.uni-trier.de/db/journals/dcc/ Exc..., try again after 10s
[2018-12-23 15:46:13] [ERROR] HTTPSConnectionPool(host='dblp.uni-trier.de', port=443): Read timed out. (read timeout=20)
[2018-12-23 15:47:00] [ERROR] https://dblp.uni-trier.de/db/journals/dcc/dcc82.html Exc..., try again after 10s
[2018-12-23 15:47:00] [ERROR] HTTPSConnectionPool(host='dblp.uni-trier.de', port=443): Read timed out. (read timeout=20)
[2018-12-23 15:47:32] [ERROR] https://dblp.uni-trier.de/db/journals/dcc/dcc82.html Exc..., try again after 10s
[2018-12-23 15:47:32] [ERROR] HTTPSConnectionPool(host='dblp.uni-trier.de', port=443): Read timed out. (read timeout=20)
[2018-12-23 15:48:50] [ERROR] https://dblp.uni-trier.de/db/journals/dcc/dcc82.html Exc..., try again after 10s
[2018-12-23 15:48:50] [ERROR] HTTPSConnectionPool(host='dblp.uni-trier.de', port=443): Read timed out.
[2018-12-23 15:50:25] [ERROR] https://dblp.uni-trier.de/db/journals/ijmms/ijmms115.html Exc..., try again after 10s
[2018-12-23 15:50:25] [ERROR] HTTPSConnectionPool(host='dblp.uni-trier.de', port=443): Read timed out. (read timeout=20)
[2018-12-23 15:51:21] [ERROR] https://dblp.uni-trier.de/db/journals/ijmms/ijmms115.html Exc..., try again after 10s
[2018-12-23 15:51:21] [ERROR] HTTPSConnectionPool(host='dblp.uni-trier.de', port=443): Read timed out. (read timeout=20)
[2018-12-23 15:52:26] [ERROR] https://dblp.uni-trier.de/db/journals/ijmms/ijmms107.html Exc..., try again after 10s
[2018-12-23 15:52:26] [ERROR] HTTPSConnectionPool(host='dblp.uni-trier.de', port=443): Read timed out.
[2018-12-23 15:52:58] [ERROR] https://dblp.uni-trier.de/db/journals/ijmms/ijmms107.html Exc..., try again after 10s
[2018-12-23 15:52:58] [ERROR] HTTPSConnectionPool(host='dblp.uni-trier.de', port=443): Read timed out. (read timeout=20)
[2018-12-23 21:24:15] [INFO] pro: 1/580 ...
[2018-12-23 21:24:21] [INFO] pro: 2/580 ...
[2018-12-23 21:24:28] [INFO] pro: 3/580 ...
[2018-12-23 21:24:35] [INFO] pro: 4/580 ...
[2018-12-23 21:24:45] [INFO] pro: 5/580 ...
[2018-12-23 21:24:53] [INFO] pro: 6/580 ...
[2018-12-23 21:24:56] [INFO] pro: 7/580 ...
[2018-12-23 21:25:07] [INFO] pro: 8/580 ...
[2018-12-23 21:25:15] [INFO] pro: 9/580 ...
[2018-12-23 21:25:22] [INFO] pro: 10/580 ...
[2018-12-23 21:25:28] [INFO] pro: 11/580 ...
[2018-12-23 21:26:14] [INFO] pro: 12/580 ...
[2018-12-23 21:26:24] [INFO] pro: 13/580 ...
[2018-12-23 21:27:14] [INFO] pro: 14/580 ...
[2018-12-23 21:27:20] [INFO] pro: 15/580 ...
[2018-12-23 21:27:28] [INFO] pro: 16/580 ...
[2018-12-23 21:28:19] [INFO] pro: 17/580 ...
[2018-12-23 21:28:26] [INFO] pro: 18/580 ...
[2018-12-23 21:29:35] [INFO] pro: 19/580 ...
[2018-12-23 21:29:43] [INFO] pro: 20/580 ...
[2018-12-23 21:29:54] [INFO] pro: 21/580 ...
[2018-12-23 21:30:00] [INFO] pro: 22/580 ...
[2018-12-23 21:30:13] [INFO] pro: 23/580 ...
[2018-12-23 21:30:28] [INFO] pro: 24/580 ...
[2018-12-23 21:30:35] [INFO] pro: 25/580 ...
[2018-12-23 21:30:43] [INFO] pro: 26/580 ...
[2018-12-23 21:30:53] [INFO] pro: 27/580 ...
[2018-12-23 21:32:08] [INFO] pro: 28/580 ...
[2018-12-23 21:32:27] [INFO] pro: 29/580 ...
[2018-12-23 21:32:48] [INFO] pro: 30/580 ...
[2018-12-23 21:33:30] [INFO] pro: 31/580 ...
[2018-12-23 21:33:56] [ERROR] https://dblp.uni-trier.de/db/journals/comcom/comcom116.html Exc..., try again after 10s
[2018-12-23 21:33:56] [ERROR] HTTPSConnectionPool(host='dblp.uni-trier.de', port=443): Max retries exceeded with url: /db/journals/comcom/comcom116.html (Caused by ConnectTimeoutError(<requests.packages.urllib3.connection.VerifiedHTTPSConnection object at 0x000001FD40EFC400>, 'Connection to dblp.uni-trier.de timed out. (connect timeout=20)'))
[2018-12-23 21:35:10] [INFO] pro: 32/580 ...
[2018-12-23 21:35:29] [INFO] pro: 33/580 ...
[2018-12-23 21:35:37] [INFO] pro: 34/580 ...
[2018-12-23 21:35:45] [INFO] pro: 35/580 ...
[2018-12-23 21:36:23] [INFO] pro: 36/580 ...
[2018-12-23 21:36:39] [INFO] pro: 37/580 ...
[2018-12-23 21:36:45] [INFO] pro: 38/580 ...
[2018-12-23 21:36:49] [INFO] pro: 39/580 ...
[2018-12-23 21:37:42] [INFO] pro: 40/580 ...
[2018-12-23 21:37:49] [INFO] pro: 41/580 ...
[2018-12-23 21:37:59] [INFO] pro: 42/580 ...
[2018-12-23 21:38:07] [INFO] pro: 43/580 ...
[2018-12-23 21:38:15] [INFO] pro: 44/580 ...
[2018-12-23 21:38:25] [INFO] pro: 45/580 ...
[2018-12-23 21:38:34] [INFO] pro: 46/580 ...
[2018-12-23 21:38:43] [INFO] pro: 47/580 ...
[2018-12-23 21:39:18] [INFO] pro: 48/580 ...
[2018-12-23 21:39:35] [INFO] pro: 49/580 ...
[2018-12-23 21:40:03] [INFO] pro: 50/580 ...
[2018-12-23 21:40:04] [INFO] [{'name': 'toplas', 'num': 32}, {'name': 'tosem', 'num': 34}, {'name': 'tse', 'num': 122}, {'name': 'ase', 'num': 54}, {'name': 'ese', 'num': 196}, {'name': 'tsc', 'num': 155}, {'name': 'ton', 'num': 481}, {'name': 'tdsc', 'num': 139}, {'name': 'tochi', 'num': 72}, {'name': 'tocs', 'num': 25}, {'name': 'ai', 'num': 154}, {'name': 'pieee', 'num': 301}, {'name': 'infsof', 'num': 310}, {'name': 'jfp', 'num': 43}, {'name': 'smr', 'num': 136}, {'name': 'jss', 'num': 434}, {'name': 're', 'num': 47}, {'name': 'scp', 'num': 204}, {'name': 'sosym', 'num': 116}, {'name': 'spe', 'num': 200}, {'name': 'stvr', 'num': 42}, {'name': 'jsac', 'num': 431}, {'name': 'tmc', 'num': 488}, {'name': 'toit', 'num': 97}, {'name': 'tomccap', 'num': 153}, {'name': 'tosn', 'num': 49}, {'name': 'cn', 'num': 596}, {'name': 'tcom', 'num': 896}, {'name': 'twc', 'num': 1201}, {'name': 'adhoc', 'num': 222}, {'name': 'comcom', 'num': 431}, {'name': 'tifs', 'num': 507}, {'name': 'joc', 'num': 65}, {'name': 'tissec', 'num': 48}, {'name': 'compsec', 'num': 351}, {'name': 'dcc', 'num': 301}, {'name': 'jcs', 'num': 46}, {'name': 'ejisec', 'num': 18}, {'name': 'ijmms', 'num': 198}, {'name': 'cscw', 'num': 71}, {'name': 'hhci', 'num': 44}, {'name': 'iwc', 'num': 80}, {'name': 'umuai', 'num': 26}, {'name': 'ijhci', 'num': 179}, {'name': 'thms', 'num': 168}, {'name': 'behaviourIT', 'num': 174}, {'name': 'percom', 'num': 257}, {'name': 'tc', 'num': 330}, {'name': 'tpds', 'num': 487}] has written 11211 rows to json successfully!
[2018-12-23 21:40:16] [INFO] pro: 51/580 ...
[2018-12-23 21:40:25] [INFO] pro: 52/580 ...
[2018-12-23 21:40:33] [INFO] pro: 53/580 ...
[2018-12-23 21:40:41] [INFO] pro: 54/580 ...
[2018-12-23 21:40:49] [INFO] pro: 55/580 ...
[2018-12-23 21:41:00] [INFO] pro: 56/580 ...
[2018-12-23 21:41:06] [INFO] pro: 57/580 ...
[2018-12-23 21:41:20] [INFO] pro: 58/580 ...
[2018-12-23 21:41:36] [INFO] pro: 59/580 ...
[2018-12-23 21:41:47] [INFO] pro: 60/580 ...
[2018-12-23 21:41:54] [INFO] pro: 61/580 ...
[2018-12-23 21:41:56] [INFO] pro: 62/580 ...
[2018-12-23 21:42:03] [INFO] pro: 63/580 ...
[2018-12-23 21:42:37] [INFO] pro: 64/580 ...
[2018-12-23 21:42:47] [INFO] pro: 65/580 ...
[2018-12-23 21:43:36] [INFO] pro: 66/580 ...
[2018-12-23 21:43:46] [INFO] pro: 67/580 ...
[2018-12-23 21:44:08] [INFO] pro: 68/580 ...
[2018-12-23 21:44:23] [INFO] pro: 69/580 ...
[2018-12-23 21:44:45] [INFO] pro: 70/580 ...
[2018-12-23 21:45:01] [INFO] pro: 71/580 ...
[2018-12-23 21:45:11] [INFO] pro: 72/580 ...
[2018-12-23 21:45:28] [INFO] pro: 73/580 ...
[2018-12-23 21:45:36] [INFO] pro: 74/580 ...
[2018-12-23 21:45:44] [INFO] pro: 75/580 ...
[2018-12-23 21:46:22] [INFO] pro: 76/580 ...
[2018-12-23 21:46:28] [INFO] pro: 77/580 ...
[2018-12-23 21:46:35] [INFO] pro: 78/580 ...
[2018-12-23 21:46:42] [INFO] pro: 79/580 ...
[2018-12-23 21:46:49] [INFO] pro: 80/580 ...
[2018-12-23 21:47:15] [INFO] pro: 81/580 ...
[2018-12-23 21:47:47] [INFO] pro: 82/580 ...
[2018-12-23 21:48:26] [INFO] pro: 83/580 ...
[2018-12-23 21:48:51] [INFO] pro: 84/580 ...
[2018-12-23 21:48:58] [INFO] pro: 85/580 ...
[2018-12-23 21:49:29] [INFO] pro: 86/580 ...
[2018-12-23 21:49:47] [INFO] pro: 87/580 ...
[2018-12-23 21:51:22] [INFO] pro: 88/580 ...
[2018-12-23 21:51:33] [INFO] pro: 89/580 ...
[2018-12-23 21:51:44] [INFO] pro: 90/580 ...
[2018-12-23 21:51:52] [INFO] pro: 91/580 ...
[2018-12-23 21:52:02] [INFO] pro: 92/580 ...
[2018-12-23 21:52:19] [INFO] pro: 93/580 ...
[2018-12-23 21:52:27] [INFO] pro: 94/580 ...
[2018-12-23 21:52:35] [INFO] pro: 95/580 ...
[2018-12-23 21:53:00] [INFO] pro: 96/580 ...
[2018-12-23 21:53:06] [INFO] pro: 97/580 ...
[2018-12-23 21:53:12] [INFO] pro: 98/580 ...
[2018-12-23 21:53:26] [INFO] pro: 99/580 ...
[2018-12-23 21:53:34] [INFO] pro: 100/580 ...
[2018-12-23 21:53:35] [INFO] [{'name': 'tcad', 'num': 442}, {'name': 'tos', 'num': 68}, {'name': 'taco', 'num': 94}, {'name': 'taas', 'num': 62}, {'name': 'todaes', 'num': 142}, {'name': 'tecs', 'num': 280}, {'name': 'trets', 'num': 43}, {'name': 'pami', 'num': 436}, {'name': 'ijcv', 'num': 181}, {'name': 'jmlr', 'num': 289}, {'name': 'tap', 'num': 53}, {'name': 'coling', 'num': 50}, {'name': 'cviu', 'num': 208}, {'name': 'jacm', 'num': 145}, {'name': 'bioinformatics', 'num': 1670}, {'name': 'bib', 'num': 200}, {'name': 'ploscb', 'num': 939}, {'name': 'tmi', 'num': 478}, {'name': 'tgrs', 'num': 1131}, {'name': 'tits', 'num': 662}, {'name': 'trob', 'num': 238}, {'name': 'cl', 'num': 63}, {'name': 'ijseke', 'num': 130}, {'name': 'sttt', 'num': 82}, {'name': 'jlp', 'num': 127}, {'name': 'jwe', 'num': 42}, {'name': 'soca', 'num': 53}, {'name': 'sqj', 'num': 103}, {'name': 'tplp', 'num': 88}, {'name': 'sigsoft', 'num': 314}, {'name': 'oopsla', 'num': 153}, {'name': 'icse', 'num': 788}, {'name': 'tog', 'num': 568}, {'name': 'tods', 'num': 44}, {'name': 'iandc', 'num': 211}, {'name': 'iet-com', 'num': 653}, {'name': 'jnca', 'num': 518}, {'name': 'monet', 'num': 291}, {'name': 'networks', 'num': 117}, {'name': 'ppna', 'num': 202}, {'name': 'tnsm', 'num': 211}, {'name': 'wicomm', 'num': 799}, {'name': 'iet-ifs', 'num': 120}, {'name': 'imcs', 'num': 70}, {'name': 'istr', 'num': 158}, {'name': 'ijisp', 'num': 45}, {'name': 'ijics', 'num': 35}, {'name': 'scn', 'num': 442}, {'name': 'puc', 'num': 183}] has written 14421 rows to json successfully!
[2018-12-23 21:54:23] [INFO] pro: 101/580 ...
[2018-12-23 21:54:42] [INFO] pro: 102/580 ...
[2018-12-23 21:54:57] [INFO] pro: 103/580 ...
[2018-12-23 21:55:22] [INFO] pro: 104/580 ...
[2018-12-23 21:55:30] [INFO] pro: 105/580 ...
[2018-12-23 21:55:45] [INFO] pro: 106/580 ...
[2018-12-23 21:55:56] [INFO] pro: 107/580 ...
[2018-12-23 21:56:09] [INFO] pro: 108/580 ...
[2018-12-23 21:56:25] [INFO] pro: 109/580 ...
[2018-12-23 21:56:30] [INFO] pro: 110/580 ...
[2018-12-23 21:56:45] [INFO] pro: 111/580 ...
[2018-12-23 21:57:40] [INFO] pro: 112/580 ...
[2018-12-23 21:57:45] [INFO] pro: 113/580 ...
[2018-12-23 21:58:22] [INFO] pro: 114/580 ...
[2018-12-23 21:58:41] [INFO] pro: 115/580 ...
[2018-12-23 21:58:48] [INFO] pro: 116/580 ...
[2018-12-23 21:59:55] [INFO] pro: 117/580 ...
[2018-12-23 22:00:16] [INFO] pro: 118/580 ...
[2018-12-23 22:00:51] [INFO] pro: 119/580 ...
[2018-12-23 22:01:07] [INFO] pro: 120/580 ...
[2018-12-23 22:01:28] [INFO] pro: 121/580 ...
[2018-12-23 22:01:34] [INFO] pro: 122/580 ...
[2018-12-23 22:01:41] [INFO] pro: 123/580 ...
[2018-12-23 22:01:55] [INFO] pro: 124/580 ...
[2018-12-23 22:02:13] [INFO] pro: 125/580 ...
[2018-12-23 22:02:40] [INFO] pro: 126/580 ...
[2018-12-23 22:02:50] [INFO] pro: 127/580 ...
[2018-12-23 22:03:11] [ERROR] http://dblp.uni-trier.de/db/journals/jamia/ Exc..., try again after 10s
[2018-12-23 22:03:11] [ERROR] HTTPSConnectionPool(host='dblp.uni-trier.de', port=443): Read timed out. (read timeout=20)
[2018-12-23 22:03:38] [INFO] pro: 128/580 ...
[2018-12-23 22:03:51] [INFO] pro: 129/580 ...
[2018-12-23 22:04:18] [INFO] pro: 130/580 ...
[2018-12-23 22:04:20] [INFO] pro: 131/580 ...
[2018-12-23 22:04:52] [INFO] pro: 132/580 ...
[2018-12-23 22:05:56] [INFO] pro: 133/580 ...
[2018-12-23 22:06:08] [INFO] pro: 134/580 ...
[2018-12-23 22:06:13] [INFO] pro: 135/580 ...
[2018-12-23 22:06:32] [INFO] pro: 136/580 ...
[2018-12-23 22:06:43] [INFO] pro: 137/580 ...
[2018-12-23 22:06:51] [INFO] pro: 138/580 ...
[2018-12-23 22:07:12] [ERROR] http://dblp.uni-trier.de/db/conf/kbse/ Exc..., try again after 10s
[2018-12-23 22:07:12] [ERROR] HTTPSConnectionPool(host='dblp.uni-trier.de', port=443): Max retries exceeded with url: /db/conf/kbse/ (Caused by ConnectTimeoutError(<requests.packages.urllib3.connection.VerifiedHTTPSConnection object at 0x000001FD3F462F28>, 'Connection to dblp.uni-trier.de timed out. (connect timeout=20)'))
[2018-12-23 22:07:41] [INFO] pro: 139/580 ...
[2018-12-23 22:07:58] [INFO] pro: 140/580 ...
[2018-12-23 22:08:48] [ERROR] https://dblp.uni-trier.de/db/conf/esop/esop2017.html Exc..., try again after 10s
[2018-12-23 22:08:48] [ERROR] HTTPSConnectionPool(host='dblp.uni-trier.de', port=443): Read timed out. (read timeout=20)
[2018-12-23 22:09:42] [INFO] pro: 141/580 ...
[2018-12-23 22:09:56] [INFO] pro: 142/580 ...
[2018-12-23 22:10:04] [INFO] pro: 143/580 ...
[2018-12-23 22:10:40] [INFO] pro: 144/580 ...
[2018-12-23 22:11:03] [INFO] pro: 145/580 ...
[2018-12-23 22:11:24] [INFO] pro: 146/580 ...
[2018-12-23 22:11:55] [INFO] pro: 147/580 ...
[2018-12-23 22:12:59] [INFO] pro: 148/580 ...
[2018-12-23 22:13:51] [INFO] pro: 149/580 ...
[2018-12-23 22:14:10] [INFO] pro: 150/580 ...
[2018-12-23 22:14:11] [INFO] [{'name': 'chi', 'num': 2303}, {'name': 'huc', 'num': 598}, {'name': 'cscw', 'num': 394}, {'name': 'iui', 'num': 368}, {'name': 'tabletop', 'num': 141}, {'name': 'uist', 'num': 292}, {'name': 'ecscw', 'num': 62}, {'name': 'mhci', 'num': 236}, {'name': 'percom', 'num': 708}, {'name': 'group', 'num': 54}, {'name': 'tvlsi', 'num': 607}, {'name': 'jpdc', 'num': 410}, {'name': 'parco', 'num': 162}, {'name': 'jsa', 'num': 153}, {'name': 'concurrency', 'num': 676}, {'name': 'dc', 'num': 49}, {'name': 'fgcs', 'num': 1201}, {'name': 'integration', 'num': 257}, {'name': 'mam', 'num': 284}, {'name': 'tjs', 'num': 605}, {'name': 'dke', 'num': 95}, {'name': 'ec', 'num': 40}, {'name': 'taffco', 'num': 92}, {'name': 'taslp', 'num': 398}, {'name': 'tcyb', 'num': 678}, {'name': 'tase', 'num': 319}, {'name': 'jcst', 'num': 192}, {'name': 'jamia', 'num': 414}, {'name': 'chinaf', 'num': 482}, {'name': 'cj', 'num': 257}, {'name': 'fcsc', 'num': 170}, {'name': 'mia', 'num': 278}, {'name': 'tcbb', 'num': 341}, {'name': 'osdi', 'num': 47}, {'name': 'pldi', 'num': 140}, {'name': 'popl', 'num': 94}, {'name': 'sosp', 'num': 75}, {'name': 'kbse', 'num': 265}, {'name': 'ecoop', 'num': 170}, {'name': 'etaps', 'num': 568}, {'name': 'fm', 'num': 88}, {'name': 'iwpc', 'num': 89}, {'name': 're', 'num': 336}, {'name': 'tip', 'num': 1021}, {'name': 'tvcg', 'num': 664}, {'name': 'tomccap', 'num': 153}, {'name': 'cad', 'num': 187}, {'name': 'cagd', 'num': 117}, {'name': 'cgf', 'num': 511}] has written 17841 rows to json successfully!
[2018-12-23 22:14:40] [ERROR] https://dblp.uni-trier.de/db/journals/cvgip/cvgip98.html Exc..., try again after 10s
[2018-12-23 22:14:40] [ERROR] HTTPSConnectionPool(host='dblp.uni-trier.de', port=443): Read timed out. (read timeout=20)
[2018-12-23 22:15:04] [INFO] pro: 151/580 ...
[2018-12-23 22:15:17] [INFO] pro: 152/580 ...
[2018-12-23 22:15:26] [INFO] pro: 153/580 ...
[2018-12-23 22:15:41] [INFO] pro: 154/580 ...
[2018-12-23 22:15:48] [INFO] pro: 155/580 ...
[2018-12-23 22:16:17] [ERROR] https://dblp.uni-trier.de/db/journals/tkdd/tkdd11.html Exc..., try again after 10s
[2018-12-23 22:16:17] [ERROR] HTTPSConnectionPool(host='dblp.uni-trier.de', port=443): Read timed out. (read timeout=20)
[2018-12-23 22:16:29] [INFO] pro: 156/580 ...
[2018-12-23 22:16:48] [INFO] pro: 157/580 ...
[2018-12-23 22:17:07] [INFO] pro: 158/580 ...
[2018-12-23 22:17:16] [INFO] pro: 159/580 ...
[2018-12-23 22:17:21] [INFO] pro: 160/580 ...
[2018-12-23 22:17:27] [INFO] pro: 161/580 ...
[2018-12-23 22:17:51] [INFO] pro: 162/580 ...
[2018-12-23 22:17:58] [INFO] pro: 163/580 ...
[2018-12-23 22:18:28] [INFO] pro: 164/580 ...
[2018-12-23 22:18:35] [INFO] pro: 165/580 ...
[2018-12-23 22:18:42] [INFO] pro: 166/580 ...
[2018-12-23 22:18:49] [INFO] pro: 167/580 ...
[2018-12-23 22:19:13] [ERROR] https://dblp.uni-trier.de/db/journals/algorithmica/algorithmica80.html Exc..., try again after 10s
[2018-12-23 22:19:13] [ERROR] HTTPSConnectionPool(host='dblp.uni-trier.de', port=443): Read timed out.
[2018-12-23 22:19:51] [INFO] pro: 168/580 ...
[2018-12-23 22:19:57] [INFO] pro: 169/580 ...
[2018-12-23 22:20:05] [INFO] pro: 170/580 ...
[2018-12-23 22:20:14] [INFO] pro: 171/580 ...
[2018-12-23 22:20:25] [INFO] pro: 172/580 ...
[2018-12-23 22:21:16] [INFO] pro: 173/580 ...
[2018-12-23 22:21:28] [INFO] pro: 174/580 ...
[2018-12-23 22:22:05] [INFO] pro: 175/580 ...
[2018-12-23 22:22:39] [ERROR] https://dblp.uni-trier.de/db/conf/sigcomm/big-dama2018.html Exc..., try again after 10s
[2018-12-23 22:22:39] [ERROR] HTTPSConnectionPool(host='dblp.uni-trier.de', port=443): Read timed out. (read timeout=20)
[2018-12-23 22:23:44] [ERROR] https://dblp.uni-trier.de/db/conf/sigcomm/mobiarch2017.html Exc..., try again after 10s
[2018-12-23 22:23:44] [ERROR] HTTPSConnectionPool(host='dblp.uni-trier.de', port=443): Read timed out. (read timeout=20)
[2018-12-23 22:23:56] [INFO] pro: 176/580 ...
[2018-12-23 22:24:24] [INFO] pro: 177/580 ...
[2018-12-23 22:24:56] [INFO] pro: 178/580 ...
[2018-12-23 22:25:23] [INFO] pro: 179/580 ...
[2018-12-23 22:25:34] [INFO] pro: 180/580 ...
[2018-12-23 22:25:42] [INFO] pro: 181/580 ...
[2018-12-23 22:25:54] [INFO] pro: 182/580 ...
[2018-12-23 22:26:10] [INFO] pro: 183/580 ...
[2018-12-23 22:26:27] [INFO] pro: 184/580 ...
[2018-12-23 22:26:47] [INFO] pro: 185/580 ...
[2018-12-23 22:27:11] [ERROR] http://dblp.uni-trier.de/db/conf/uss/ Exc..., try again after 10s
[2018-12-23 22:27:11] [ERROR] HTTPSConnectionPool(host='dblp.uni-trier.de', port=443): Read timed out.
[2018-12-23 22:27:48] [INFO] pro: 186/580 ...
[2018-12-23 22:27:58] [INFO] pro: 187/580 ...
[2018-12-23 22:28:14] [INFO] pro: 188/580 ...
[2018-12-23 22:28:41] [INFO] pro: 189/580 ...
[2018-12-23 22:28:50] [INFO] pro: 190/580 ...
[2018-12-23 22:29:06] [INFO] pro: 191/580 ...
[2018-12-23 22:29:11] [INFO] pro: 192/580 ...
[2018-12-23 22:29:20] [INFO] pro: 193/580 ...
[2018-12-23 22:29:43] [INFO] pro: 194/580 ...
[2018-12-23 22:29:45] [INFO] pro: 195/580 ...
[2018-12-23 22:30:09] [INFO] pro: 196/580 ...
[2018-12-23 22:30:18] [INFO] pro: 197/580 ...
[2018-12-23 22:30:31] [INFO] pro: 198/580 ...
[2018-12-23 22:30:48] [INFO] pro: 199/580 ...
[2018-12-23 22:31:13] [ERROR] https://dblp.uni-trier.de/db/journals/jetc/jetc13.html Exc..., try again after 10s
[2018-12-23 22:31:13] [ERROR] HTTPSConnectionPool(host='dblp.uni-trier.de', port=443): Read timed out. (read timeout=20)
[2018-12-23 22:31:27] [INFO] pro: 200/580 ...
[2018-12-23 22:31:27] [INFO] [{'name': 'cvgip', 'num': 45}, {'name': 'tcsv', 'num': 501}, {'name': 'tois', 'num': 88}, {'name': 'tkde', 'num': 391}, {'name': 'vldb', 'num': 77}, {'name': 'tkdd', 'num': 125}, {'name': 'aei', 'num': 179}, {'name': 'dke', 'num': 95}, {'name': 'datamine', 'num': 120}, {'name': 'ejis', 'num': 35}, {'name': 'geoinformatica', 'num': 71}, {'name': 'ipm', 'num': 157}, {'name': 'siamcomp', 'num': 101}, {'name': 'tit', 'num': 968}, {'name': 'talg', 'num': 111}, {'name': 'tocl', 'num': 64}, {'name': 'toms', 'num': 88}, {'name': 'algorithmica', 'num': 322}, {'name': 'cc', 'num': 40}, {'name': 'fac', 'num': 76}, {'name': 'fmsd', 'num': 61}, {'name': 'informs', 'num': 99}, {'name': 'jcss', 'num': 187}, {'name': 'winet', 'num': 405}, {'name': 'mobicom', 'num': 406}, {'name': 'sigcomm', 'num': 373}, {'name': 'infocom', 'num': 2030}, {'name': 'sensys', 'num': 404}, {'name': 'conext', 'num': 129}, {'name': 'secon', 'num': 190}, {'name': 'ipsn', 'num': 107}, {'name': 'ccs', 'num': 357}, {'name': 'crypto', 'num': 151}, {'name': 'eurocrypt', 'num': 136}, {'name': 'sp', 'num': 199}, {'name': 'uss', 'num': 316}, {'name': 'acsac', 'num': 120}, {'name': 'asiacrypt', 'num': 131}, {'name': 'esorics', 'num': 267}, {'name': 'assets', 'num': 184}, {'name': 'ACMdis', 'num': 406}, {'name': 'graphicsinterface', 'num': 27}, {'name': 'mobiquitous', 'num': 121}, {'name': 'interact', 'num': 176}, {'name': 'icmi', 'num': 321}, {'name': 'acmidc', 'num': 215}, {'name': 'avi', 'num': 125}, {'name': 'uic', 'num': 884}, {'name': 'jetc', 'num': 94}] has written 12275 rows to json successfully!
[2018-12-23 22:31:35] [INFO] pro: 201/580 ...
[2018-12-23 22:31:46] [INFO] pro: 202/580 ...
[2018-12-23 22:31:53] [INFO] pro: 203/580 ...
[2018-12-23 22:31:55] [INFO] pro: 204/580 ...
[2018-12-23 22:32:09] [INFO] pro: 205/580 ...
[2018-12-23 22:32:20] [INFO] pro: 206/580 ...
[2018-12-23 22:33:14] [INFO] pro: 207/580 ...
[2018-12-23 22:33:22] [INFO] pro: 208/580 ...
[2018-12-23 22:33:34] [INFO] pro: 209/580 ...
[2018-12-23 22:33:53] [INFO] pro: 210/580 ...
[2018-12-23 22:34:52] [INFO] pro: 211/580 ...
[2018-12-23 22:35:37] [ERROR] https://dblp.uni-trier.de/db/journals/jair/jair59.html Exc..., try again after 10s
[2018-12-23 22:35:37] [ERROR] HTTPSConnectionPool(host='dblp.uni-trier.de', port=443): Read timed out. (read timeout=20)
[2018-12-23 22:35:52] [INFO] pro: 212/580 ...
[2018-12-23 22:36:17] [ERROR] https://dblp.uni-trier.de/db/journals/titb/titb22.html Exc..., try again after 10s
[2018-12-23 22:36:17] [ERROR] HTTPSConnectionPool(host='dblp.uni-trier.de', port=443): Read timed out. (read timeout=20)
[2018-12-23 22:36:41] [INFO] pro: 213/580 ...
[2018-12-23 22:37:03] [INFO] pro: 214/580 ...
[2018-12-23 22:37:17] [INFO] pro: 215/580 ...
[2018-12-23 22:37:46] [INFO] pro: 216/580 ...
[2018-12-23 22:38:20] [INFO] pro: 217/580 ...
[2018-12-23 22:38:26] [INFO] pro: 218/580 ...
[2018-12-23 22:38:32] [INFO] pro: 219/580 ...
[2018-12-23 22:38:39] [INFO] pro: 220/580 ...
[2018-12-23 22:38:52] [INFO] pro: 221/580 ...
[2018-12-23 22:39:07] [INFO] pro: 222/580 ...
[2018-12-23 22:39:10] [INFO] pro: 223/580 ...
[2018-12-23 22:39:45] [INFO] pro: 224/580 ...
[2018-12-23 22:40:11] [INFO] pro: 225/580 ...
[2018-12-23 22:40:18] [INFO] pro: 226/580 ...
[2018-12-23 22:40:40] [INFO] pro: 227/580 ...
[2018-12-23 22:40:48] [INFO] pro: 228/580 ...
[2018-12-23 22:41:00] [INFO] pro: 229/580 ...
[2018-12-23 22:41:14] [INFO] pro: 230/580 ...
[2018-12-23 22:41:23] [INFO] pro: 231/580 ...
[2018-12-23 22:42:01] [INFO] pro: 232/580 ...
[2018-12-23 22:42:38] [INFO] pro: 233/580 ...
[2018-12-23 22:43:17] [INFO] pro: 234/580 ...
[2018-12-23 22:45:58] [INFO] pro: 235/580 ...
[2018-12-23 22:46:41] [INFO] pro: 236/580 ...
[2018-12-23 22:46:53] [INFO] pro: 237/580 ...
[2018-12-23 22:47:46] [INFO] pro: 238/580 ...
[2018-12-23 22:48:06] [INFO] pro: 239/580 ...
[2018-12-23 22:48:12] [INFO] pro: 240/580 ...
[2018-12-23 22:48:19] [INFO] pro: 241/580 ...
[2018-12-23 22:48:27] [INFO] pro: 242/580 ...
[2018-12-23 22:48:46] [INFO] pro: 243/580 ...
[2018-12-23 22:49:26] [INFO] pro: 244/580 ...
[2018-12-23 22:49:38] [INFO] pro: 245/580 ...
[2018-12-23 22:52:24] [ERROR] https://dblp.uni-trier.de/db/journals/tcs/tcs680.html Exc..., try again after 10s
[2018-12-23 22:52:24] [ERROR] HTTPSConnectionPool(host='dblp.uni-trier.de', port=443): Max retries exceeded with url: /db/journals/tcs/tcs680.html (Caused by ConnectTimeoutError(<requests.packages.urllib3.connection.VerifiedHTTPSConnection object at 0x000001FD413FA0B8>, 'Connection to dblp.uni-trier.de timed out. (connect timeout=20)'))
[2018-12-23 22:53:24] [INFO] pro: 246/580 ...
[2018-12-23 22:53:38] [INFO] pro: 247/580 ...
[2018-12-23 22:53:47] [INFO] pro: 248/580 ...
[2018-12-23 22:55:34] [INFO] pro: 249/580 ...
[2018-12-23 22:56:47] [INFO] pro: 250/580 ...
[2018-12-23 22:56:48] [INFO] [{'name': 'rts', 'num': 54}, {'name': 'asplos', 'num': 144}, {'name': 'fast', 'num': 51}, {'name': 'isca', 'num': 180}, {'name': 'micro', 'num': 130}, {'name': 'sc', 'num': 369}, {'name': 'tec', 'num': 126}, {'name': 'tfs', 'num': 462}, {'name': 'tnn', 'num': 796}, {'name': 'ijar', 'num': 361}, {'name': 'jair', 'num': 86}, {'name': 'titb', 'num': 383}, {'name': 'lgrs', 'num': 881}, {'name': 'cas', 'num': 58}, {'name': 'bmcbi', 'num': 1003}, {'name': 'www', 'num': 1073}, {'name': 'rtss', 'num': 45}, {'name': 'emsoft', 'num': 32}, {'name': 'recomb', 'num': 82}, {'name': 'bibm', 'num': 864}, {'name': 'amia', 'num': 708}, {'name': 'caise', 'num': 311}, {'name': 'icfp', 'num': 70}, {'name': 'lctrts', 'num': 24}, {'name': 'models', 'num': 329}, {'name': 'cp', 'num': 92}, {'name': 'icsoc', 'num': 183}, {'name': 'tmm', 'num': 478}, {'name': 'siamis', 'num': 130}, {'name': 'speech', 'num': 192}, {'name': 'cg', 'num': 251}, {'name': 'comgeo', 'num': 101}, {'name': 'isci', 'num': 1466}, {'name': 'is', 'num': 177}, {'name': 'jasis', 'num': 367}, {'name': 'ws', 'num': 43}, {'name': 'kais', 'num': 234}, {'name': 'tweb', 'num': 53}, {'name': 'dpd', 'num': 42}, {'name': 'iam', 'num': 162}, {'name': 'jgo', 'num': 252}, {'name': 'jsc', 'num': 198}, {'name': 'mscs', 'num': 135}, {'name': 'tcs', 'num': 747}, {'name': 'apal', 'num': 148}, {'name': 'acta', 'num': 56}, {'name': 'dam', 'num': 748}, {'name': 'fuin', 'num': 296}] has written 15173 rows to json successfully!
[2018-12-23 22:56:58] [INFO] pro: 251/580 ...
[2018-12-23 22:57:09] [INFO] pro: 252/580 ...
[2018-12-23 22:57:57] [INFO] pro: 253/580 ...
[2018-12-23 22:58:04] [INFO] pro: 254/580 ...
[2018-12-23 22:58:19] [INFO] pro: 255/580 ...
[2018-12-23 22:58:28] [INFO] pro: 256/580 ...
[2018-12-23 22:58:33] [INFO] pro: 257/580 ...
[2018-12-23 22:58:46] [INFO] pro: 258/580 ...
[2018-12-23 22:58:56] [INFO] pro: 259/580 ...
[2018-12-23 22:59:04] [INFO] pro: 260/580 ...
[2018-12-23 22:59:16] [INFO] pro: 261/580 ...
[2018-12-23 22:59:44] [ERROR] https://dblp.uni-trier.de/db/conf/dsn/dsn2018w.html Exc..., try again after 10s
[2018-12-23 22:59:44] [ERROR] HTTPSConnectionPool(host='dblp.uni-trier.de', port=443): Read timed out.
[2018-12-23 23:00:05] [INFO] pro: 262/580 ...
[2018-12-23 23:00:18] [INFO] pro: 263/580 ...
[2018-12-23 23:00:38] [ERROR] http://dblp.uni-trier.de/db/conf/srds/ Exc..., try again after 10s
[2018-12-23 23:00:38] [ERROR] HTTPConnectionPool(host='dblp.uni-trier.de', port=80): Max retries exceeded with url: /db/conf/srds/ (Caused by ConnectTimeoutError(<requests.packages.urllib3.connection.HTTPConnection object at 0x000001FD3F0E5438>, 'Connection to dblp.uni-trier.de timed out. (connect timeout=20)'))
[2018-12-23 23:00:54] [INFO] pro: 264/580 ...
[2018-12-23 23:01:29] [INFO] pro: 265/580 ...
[2018-12-23 23:01:38] [INFO] pro: 266/580 ...
[2018-12-23 23:01:49] [INFO] pro: 267/580 ...
[2018-12-23 23:01:59] [INFO] pro: 268/580 ...
[2018-12-23 23:02:18] [INFO] pro: 269/580 ...
[2018-12-23 23:02:39] [ERROR] http://dblp.uni-trier.de/db/conf/spaa/ Exc..., try again after 10s
[2018-12-23 23:02:39] [ERROR] HTTPConnectionPool(host='dblp.uni-trier.de', port=80): Read timed out. (read timeout=20)
[2018-12-23 23:03:18] [INFO] pro: 270/580 ...
[2018-12-23 23:03:53] [INFO] pro: 271/580 ...
[2018-12-23 23:04:20] [INFO] pro: 272/580 ...
[2018-12-23 23:04:23] [INFO] pro: 273/580 ...
[2018-12-23 23:04:43] [INFO] pro: 274/580 ...
[2018-12-23 23:05:03] [INFO] pro: 275/580 ...
[2018-12-23 23:05:13] [INFO] pro: 276/580 ...
[2018-12-23 23:05:24] [INFO] pro: 277/580 ...
[2018-12-23 23:05:52] [INFO] pro: 278/580 ...
[2018-12-23 23:06:44] [ERROR] https://dblp.uni-trier.de/db/journals/nn/nn87.html Exc..., try again after 10s
[2018-12-23 23:06:44] [ERROR] HTTPSConnectionPool(host='dblp.uni-trier.de', port=443): Max retries exceeded with url: /db/journals/nn/nn87.html (Caused by ConnectTimeoutError(<requests.packages.urllib3.connection.VerifiedHTTPSConnection object at 0x000001FD3ED66E80>, 'Connection to dblp.uni-trier.de timed out. (connect timeout=20)'))
[2018-12-23 23:07:34] [INFO] pro: 279/580 ...
[2018-12-23 23:07:43] [INFO] pro: 280/580 ...
[2018-12-23 23:07:54] [INFO] pro: 281/580 ...
[2018-12-23 23:08:07] [INFO] pro: 282/580 ...
[2018-12-23 23:08:15] [INFO] pro: 283/580 ...
[2018-12-23 23:08:27] [INFO] pro: 284/580 ...
[2018-12-23 23:08:48] [INFO] pro: 285/580 ...
[2018-12-23 23:09:05] [INFO] pro: 286/580 ...
[2018-12-23 23:09:17] [INFO] pro: 287/580 ...
[2018-12-23 23:09:57] [INFO] pro: 288/580 ...
[2018-12-23 23:10:16] [INFO] pro: 289/580 ...
[2018-12-23 23:10:31] [INFO] pro: 290/580 ...
[2018-12-23 23:10:49] [INFO] pro: 291/580 ...
[2018-12-23 23:11:43] [ERROR] https://dblp.uni-trier.de/db/journals/jvcir/jvcir45.html Exc..., try again after 10s
[2018-12-23 23:11:43] [ERROR] HTTPSConnectionPool(host='dblp.uni-trier.de', port=443): Max retries exceeded with url: /db/journals/jvcir/jvcir45.html (Caused by ConnectTimeoutError(<requests.packages.urllib3.connection.VerifiedHTTPSConnection object at 0x000001FD42B01860>, 'Connection to dblp.uni-trier.de timed out. (connect timeout=20)'))
[2018-12-23 23:12:19] [INFO] pro: 292/580 ...
[2018-12-23 23:12:28] [INFO] pro: 293/580 ...
[2018-12-23 23:13:36] [INFO] pro: 294/580 ...
[2018-12-23 23:15:05] [INFO] pro: 295/580 ...
[2018-12-23 23:16:16] [ERROR] https://dblp.uni-trier.de/db/journals/ipl/ipl126.html Exc..., try again after 10s
[2018-12-23 23:16:16] [ERROR] HTTPSConnectionPool(host='dblp.uni-trier.de', port=443): Read timed out. (read timeout=20)
[2018-12-23 23:16:31] [INFO] pro: 296/580 ...
[2018-12-23 23:16:39] [INFO] pro: 297/580 ...
[2018-12-23 23:16:46] [INFO] pro: 298/580 ...
[2018-12-23 23:17:01] [INFO] pro: 299/580 ...
[2018-12-23 23:17:13] [INFO] pro: 300/580 ...
[2018-12-23 23:17:13] [INFO] [{'name': 'icnp', 'num': 191}, {'name': 'mobihoc', 'num': 144}, {'name': 'mobisys', 'num': 442}, {'name': 'iwqos', 'num': 150}, {'name': 'imc', 'num': 128}, {'name': 'nossdav', 'num': 54}, {'name': 'ndss', 'num': 139}, {'name': 'csfw', 'num': 81}, {'name': 'raid', 'num': 53}, {'name': 'pkc', 'num': 85}, {'name': 'dsn', 'num': 238}, {'name': 'tcc', 'num': 101}, {'name': 'srds', 'num': 33}, {'name': 'ACMdis', 'num': 406}, {'name': 'haptics', 'num': 285}, {'name': 'cscwd', 'num': 250}, {'name': 'usenix', 'num': 140}, {'name': 'ppopp', 'num': 223}, {'name': 'spaa', 'num': 96}, {'name': 'podc', 'num': 162}, {'name': 'cgo', 'num': 61}, {'name': 'date', 'num': 1296}, {'name': 'eurosys', 'num': 162}, {'name': 'jar', 'num': 72}, {'name': 'ml', 'num': 150}, {'name': 'neco', 'num': 217}, {'name': 'nn', 'num': 379}, {'name': 'cosit', 'num': 98}, {'name': 'IEEEcloud', 'num': 259}, {'name': 'icsm', 'num': 180}, {'name': 'vmcai', 'num': 106}, {'name': 'icws', 'num': 185}, {'name': 'sas', 'num': 94}, {'name': 'issre', 'num': 191}, {'name': 'issta', 'num': 118}, {'name': 'middleware', 'num': 262}, {'name': 'dcg', 'num': 170}, {'name': 'iet-ipr', 'num': 440}, {'name': 'spl', 'num': 742}, {'name': 'jvcir', 'num': 441}, {'name': 'mms', 'num': 99}, {'name': 'mta', 'num': 2750}, {'name': 'sigpro', 'num': 818}, {'name': 'ipl', 'num': 305}, {'name': 'ir', 'num': 46}, {'name': 'ijcis', 'num': 28}, {'name': 'gis', 'num': 255}, {'name': 'ijis', 'num': 184}] has written 13509 rows to json successfully!
[2018-12-23 23:17:16] [INFO] pro: 301/580 ...
[2018-12-23 23:18:25] [INFO] pro: 302/580 ...
[2018-12-23 23:19:12] [ERROR] https://dblp.uni-trier.de/db/journals/jc/jc43.html Exc..., try again after 10s
[2018-12-23 23:19:12] [ERROR] HTTPSConnectionPool(host='dblp.uni-trier.de', port=443): Read timed out. (read timeout=20)
[2018-12-23 23:19:23] [INFO] pro: 303/580 ...
[2018-12-23 23:19:32] [INFO] pro: 304/580 ...
[2018-12-23 23:19:39] [INFO] pro: 305/580 ...
[2018-12-23 23:19:48] [INFO] pro: 306/580 ...
[2018-12-23 23:19:57] [INFO] pro: 307/580 ...
[2018-12-23 23:20:07] [INFO] pro: 308/580 ...
[2018-12-23 23:20:17] [INFO] pro: 309/580 ...
[2018-12-23 23:20:26] [INFO] pro: 310/580 ...
[2018-12-23 23:20:47] [INFO] pro: 311/580 ...
[2018-12-23 23:20:58] [INFO] pro: 312/580 ...
[2018-12-23 23:21:40] [INFO] pro: 313/580 ...
[2018-12-23 23:22:52] [INFO] pro: 314/580 ...
[2018-12-23 23:23:05] [INFO] pro: 315/580 ...
[2018-12-23 23:23:15] [INFO] pro: 316/580 ...
[2018-12-23 23:23:23] [INFO] pro: 317/580 ...
[2018-12-23 23:23:32] [INFO] pro: 318/580 ...
[2018-12-23 23:23:39] [INFO] pro: 319/580 ...
[2018-12-23 23:23:49] [INFO] pro: 320/580 ...
[2018-12-23 23:24:01] [INFO] pro: 321/580 ...
[2018-12-23 23:24:04] [INFO] pro: 322/580 ...
[2018-12-23 23:24:26] [INFO] pro: 323/580 ...
[2018-12-23 23:24:33] [INFO] pro: 324/580 ...
[2018-12-23 23:24:46] [INFO] pro: 325/580 ...
[2018-12-23 23:25:06] [INFO] pro: 326/580 ...
[2018-12-23 23:25:26] [INFO] pro: 327/580 ...
[2018-12-23 23:25:35] [INFO] pro: 328/580 ...
[2018-12-23 23:25:50] [INFO] pro: 329/580 ...
[2018-12-23 23:25:57] [INFO] pro: 330/580 ...
[2018-12-23 23:26:00] [INFO] pro: 331/580 ...
[2018-12-23 23:26:09] [INFO] pro: 332/580 ...
[2018-12-23 23:26:13] [INFO] pro: 333/580 ...
[2018-12-23 23:26:28] [INFO] pro: 334/580 ...
[2018-12-23 23:27:03] [INFO] pro: 335/580 ...
[2018-12-23 23:27:27] [ERROR] http://dblp.uni-trier.de/db/journals/alife/ Exc..., try again after 10s
[2018-12-23 23:27:27] [ERROR] HTTPSConnectionPool(host='dblp.uni-trier.de', port=443): Read timed out. (read timeout=20)
[2018-12-23 23:27:43] [INFO] pro: 336/580 ...
[2018-12-23 23:27:51] [INFO] pro: 337/580 ...
[2018-12-23 23:28:09] [INFO] pro: 338/580 ...
[2018-12-23 23:28:16] [INFO] pro: 339/580 ...
[2018-12-23 23:28:26] [INFO] pro: 340/580 ...
[2018-12-23 23:29:17] [INFO] pro: 341/580 ...
[2018-12-23 23:29:28] [INFO] pro: 342/580 ...
[2018-12-23 23:30:08] [ERROR] https://dblp.uni-trier.de/db/conf/mm/coview2018.html Exc..., try again after 10s
[2018-12-23 23:30:08] [ERROR] HTTPSConnectionPool(host='dblp.uni-trier.de', port=443): Read timed out. (read timeout=20)
[2018-12-23 23:30:46] [INFO] pro: 343/580 ...
[2018-12-23 23:31:17] [INFO] pro: 344/580 ...
[2018-12-23 23:31:19] [INFO] pro: 345/580 ...
[2018-12-23 23:31:26] [INFO] pro: 346/580 ...
[2018-12-23 23:31:34] [INFO] pro: 347/580 ...
[2018-12-23 23:31:36] [INFO] pro: 348/580 ...
[2018-12-23 23:31:42] [INFO] pro: 349/580 ...
[2018-12-23 23:31:56] [INFO] pro: 350/580 ...
[2018-12-23 23:31:56] [INFO] [{'name': 'ipl', 'num': 305}, {'name': 'jc', 'num': 87}, {'name': 'logcom', 'num': 161}, {'name': 'jsyml', 'num': 140}, {'name': 'lmcs', 'num': 184}, {'name': 'siamdm', 'num': 212}, {'name': 'mst', 'num': 166}, {'name': 'nsdi', 'num': 86}, {'name': 'ancs', 'num': 74}, {'name': 'forte', 'num': 54}, {'name': 'lcn', 'num': 135}, {'name': 'globecom', 'num': 2430}, {'name': 'icc', 'num': 5340}, {'name': 'icccn', 'num': 628}, {'name': 'mass', 'num': 173}, {'name': 'ches', 'num': 53}, {'name': 'wisec', 'num': 120}, {'name': 'ih', 'num': 40}, {'name': 'sacmat', 'num': 58}, {'name': 'ccs', 'num': 357}, {'name': 'hpdc', 'num': 87}, {'name': 'iccd', 'num': 110}, {'name': 'iccad', 'num': 566}, {'name': 'icdcs', 'num': 566}, {'name': 'hipeac', 'num': 100}, {'name': 'sigmetrics', 'num': 109}, {'name': 'icpp', 'num': 237}, {'name': 'ics', 'num': 64}, {'name': 'aamas', 'num': 74}, {'name': 'talip', 'num': 35}, {'name': 'apin', 'num': 432}, {'name': 'artmed', 'num': 123}, {'name': 'alife', 'num': 49}, {'name': 'ci', 'num': 93}, {'name': 'wcre', 'num': 216}, {'name': 'hotos', 'num': 58}, {'name': 'esem', 'num': 119}, {'name': 'spic', 'num': 313}, {'name': 'vc', 'num': 273}, {'name': 'mm', 'num': 781}, {'name': 'siggraph', 'num': 487}, {'name': 'ijkm', 'num': 41}, {'name': 'ijswis', 'num': 68}, {'name': 'jdm', 'num': 21}, {'name': 'jiis', 'num': 99}] has written 15924 rows to json successfully!
[2018-12-23 23:32:03] [INFO] pro: 351/580 ...
[2018-12-23 23:32:48] [INFO] pro: 352/580 ...
[2018-12-23 23:33:31] [INFO] pro: 353/580 ...
[2018-12-23 23:33:41] [INFO] pro: 354/580 ...
[2018-12-23 23:33:52] [INFO] pro: 355/580 ...
[2018-12-23 23:34:03] [INFO] pro: 356/580 ...
[2018-12-23 23:34:26] [INFO] pro: 357/580 ...
[2018-12-23 23:34:45] [INFO] pro: 358/580 ...
[2018-12-23 23:35:01] [INFO] pro: 359/580 ...
[2018-12-23 23:35:28] [INFO] pro: 360/580 ...
[2018-12-23 23:35:31] [INFO] pro: 361/580 ...
[2018-12-23 23:35:38] [INFO] pro: 362/580 ...
[2018-12-23 23:35:47] [INFO] pro: 363/580 ...
[2018-12-23 23:36:02] [INFO] pro: 364/580 ...
[2018-12-23 23:36:41] [INFO] pro: 365/580 ...
[2018-12-23 23:36:46] [INFO] pro: 366/580 ...
[2018-12-23 23:36:56] [INFO] pro: 367/580 ...
[2018-12-23 23:37:04] [INFO] pro: 368/580 ...
[2018-12-23 23:37:15] [INFO] pro: 369/580 ...
[2018-12-23 23:37:17] [INFO] pro: 370/580 ...
[2018-12-23 23:37:27] [INFO] pro: 371/580 ...
[2018-12-23 23:37:34] [INFO] pro: 372/580 ...
[2018-12-23 23:37:42] [INFO] pro: 373/580 ...
[2018-12-23 23:37:50] [INFO] pro: 374/580 ...
[2018-12-23 23:38:15] [INFO] pro: 375/580 ...
[2018-12-23 23:38:23] [INFO] pro: 376/580 ...
[2018-12-23 23:38:26] [INFO] pro: 377/580 ...
[2018-12-23 23:38:30] [INFO] pro: 378/580 ...
[2018-12-23 23:38:36] [INFO] pro: 379/580 ...
[2018-12-23 23:39:04] [INFO] pro: 380/580 ...
[2018-12-23 23:39:11] [INFO] pro: 381/580 ...
[2018-12-23 23:40:04] [ERROR] https://dblp.uni-trier.de/db/journals/dss/dss97.html Exc..., try again after 10s
[2018-12-23 23:40:04] [ERROR] HTTPSConnectionPool(host='dblp.uni-trier.de', port=443): Max retries exceeded with url: /db/journals/dss/dss97.html (Caused by ConnectTimeoutError(<requests.packages.urllib3.connection.VerifiedHTTPSConnection object at 0x000001FD42211828>, 'Connection to dblp.uni-trier.de timed out. (connect timeout=20)'))
[2018-12-23 23:40:31] [INFO] pro: 382/580 ...
[2018-12-23 23:41:24] [INFO] pro: 383/580 ...
[2018-12-23 23:41:33] [INFO] pro: 384/580 ...
[2018-12-23 23:43:50] [INFO] pro: 385/580 ...
[2018-12-23 23:43:52] [INFO] pro: 386/580 ...
[2018-12-23 23:43:59] [INFO] pro: 387/580 ...
[2018-12-23 23:44:11] [INFO] pro: 388/580 ...
[2018-12-23 23:44:32] [INFO] pro: 389/580 ...
[2018-12-23 23:44:37] [INFO] pro: 390/580 ...
[2018-12-23 23:44:44] [INFO] pro: 391/580 ...
[2018-12-23 23:44:51] [INFO] pro: 392/580 ...
[2018-12-23 23:44:54] [INFO] pro: 393/580 ...
[2018-12-23 23:45:02] [INFO] pro: 394/580 ...
[2018-12-23 23:45:13] [INFO] pro: 395/580 ...
[2018-12-23 23:45:31] [INFO] pro: 396/580 ...
[2018-12-23 23:45:50] [INFO] pro: 397/580 ...
[2018-12-23 23:45:57] [INFO] pro: 398/580 ...
[2018-12-23 23:46:04] [INFO] pro: 399/580 ...
[2018-12-23 23:46:13] [INFO] pro: 400/580 ...
[2018-12-23 23:46:14] [INFO] [{'name': 'jsis', 'num': 47}, {'name': 'sigmod', 'num': 574}, {'name': 'kdd', 'num': 596}, {'name': 'stoc', 'num': 223}, {'name': 'focs', 'num': 264}, {'name': 'lics', 'num': 378}, {'name': 'cav', 'num': 171}, {'name': 'compgeom', 'num': 292}, {'name': 'soda', 'num': 758}, {'name': 'cade', 'num': 271}, {'name': 'ipccc', 'num': 154}, {'name': 'wowmom', 'num': 324}, {'name': 'iscc', 'num': 672}, {'name': 'wcnc', 'num': 2246}, {'name': 'networking', 'num': 142}, {'name': 'im', 'num': 422}, {'name': 'acns', 'num': 70}, {'name': 'acisp', 'num': 106}, {'name': 'fc', 'num': 110}, {'name': 'dimva', 'num': 36}, {'name': 'sec', 'num': 65}, {'name': 'isw', 'num': 52}, {'name': 'ipps', 'num': 650}, {'name': 'fpga', 'num': 123}, {'name': 'csl', 'num': 169}, {'name': 'connection', 'num': 55}, {'name': 'dss', 'num': 218}, {'name': 'eaai', 'num': 424}, {'name': 'es', 'num': 112}, {'name': 'eswa', 'num': 1399}, {'name': 'aplas', 'num': 48}, {'name': 'apsec', 'num': 133}, {'name': 'compsac', 'num': 618}, {'name': 'iceccs', 'num': 23}, {'name': 'scam', 'num': 45}, {'name': 'icfem', 'num': 66}, {'name': 'pepm', 'num': 28}, {'name': 'seke', 'num': 255}, {'name': 'vr', 'num': 469}, {'name': 'mir', 'num': 186}, {'name': 'si3d', 'num': 48}, {'name': 'sca', 'num': 32}, {'name': 'dcc', 'num': 167}] has written 13241 rows to json successfully!
[2018-12-23 23:46:24] [INFO] pro: 401/580 ...
[2018-12-23 23:46:41] [INFO] pro: 402/580 ...
[2018-12-23 23:47:10] [INFO] pro: 403/580 ...
[2018-12-23 23:47:33] [INFO] pro: 404/580 ...
[2018-12-23 23:47:53] [INFO] pro: 405/580 ...
[2018-12-23 23:48:17] [INFO] pro: 406/580 ...
[2018-12-23 23:48:28] [INFO] pro: 407/580 ...
[2018-12-23 23:48:44] [INFO] pro: 408/580 ...
[2018-12-23 23:48:53] [INFO] pro: 409/580 ...
[2018-12-23 23:49:01] [INFO] pro: 410/580 ...
[2018-12-23 23:49:12] [INFO] pro: 411/580 ...
[2018-12-23 23:49:21] [INFO] pro: 412/580 ...
[2018-12-23 23:49:33] [INFO] pro: 413/580 ...
[2018-12-23 23:49:50] [INFO] pro: 414/580 ...
[2018-12-23 23:50:10] [INFO] pro: 415/580 ...
[2018-12-23 23:50:20] [INFO] pro: 416/580 ...
[2018-12-23 23:50:45] [INFO] pro: 417/580 ...
[2018-12-23 23:50:52] [INFO] pro: 418/580 ...
[2018-12-23 23:51:01] [INFO] pro: 419/580 ...
[2018-12-23 23:51:19] [INFO] pro: 420/580 ...
[2018-12-23 23:51:28] [INFO] pro: 421/580 ...
[2018-12-23 23:51:40] [INFO] pro: 422/580 ...
[2018-12-23 23:51:45] [INFO] pro: 423/580 ...
[2018-12-23 23:51:52] [INFO] pro: 424/580 ...
[2018-12-23 23:52:04] [INFO] pro: 425/580 ...
[2018-12-23 23:52:11] [INFO] pro: 426/580 ...
[2018-12-23 23:52:19] [INFO] pro: 427/580 ...
[2018-12-23 23:52:27] [INFO] pro: 428/580 ...
[2018-12-23 23:52:35] [INFO] pro: 429/580 ...
[2018-12-23 23:53:30] [INFO] pro: 430/580 ...
[2018-12-23 23:53:38] [INFO] pro: 431/580 ...
[2018-12-23 23:53:45] [INFO] pro: 432/580 ...
[2018-12-23 23:53:52] [INFO] pro: 433/580 ...
[2018-12-23 23:54:04] [INFO] pro: 434/580 ...
[2018-12-23 23:54:22] [INFO] pro: 435/580 ...
[2018-12-23 23:54:34] [INFO] pro: 436/580 ...
[2018-12-23 23:54:41] [INFO] pro: 437/580 ...
[2018-12-23 23:54:44] [INFO] pro: 438/580 ...
[2018-12-23 23:54:53] [INFO] pro: 439/580 ...
[2018-12-23 23:55:20] [INFO] pro: 440/580 ...
[2018-12-23 23:55:23] [INFO] pro: 441/580 ...
[2018-12-23 23:55:25] [INFO] pro: 442/580 ...
[2018-12-23 23:56:28] [INFO] pro: 443/580 ...
[2018-12-23 23:56:36] [INFO] pro: 444/580 ...
[2018-12-23 23:57:01] [INFO] pro: 445/580 ...
[2018-12-23 23:57:49] [INFO] pro: 446/580 ...
[2018-12-23 23:59:32] [INFO] pro: 447/580 ...
[2018-12-23 23:59:46] [INFO] pro: 448/580 ...
[2018-12-24 00:00:00] [INFO] pro: 449/580 ...
[2018-12-24 00:00:15] [INFO] pro: 450/580 ...
[2018-12-24 00:00:15] [INFO] [{'name': 'eurographics', 'num': 67}, {'name': 'vissym', 'num': 140}, {'name': 'sigir', 'num': 566}, {'name': 'vldb', 'num': 148}, {'name': 'icde', 'num': 525}, {'name': 'cikm', 'num': 697}, {'name': 'coco', 'num': 126}, {'name': 'icalp', 'num': 616}, {'name': 'concur', 'num': 168}, {'name': 'hybrid', 'num': 70}, {'name': 'esa', 'num': 290}, {'name': 'csl', 'num': 162}, {'name': 'fsttcs', 'num': 194}, {'name': 'ipco', 'num': 72}, {'name': 'rta', 'num': 186}, {'name': 'isaac', 'num': 284}, {'name': 'mswim', 'num': 189}, {'name': 'apnoms', 'num': 172}, {'name': 'hotnets', 'num': 80}, {'name': 'wasa', 'num': 322}, {'name': 'icics', 'num': 107}, {'name': 'securecomm', 'num': 117}, {'name': 'nspw', 'num': 22}, {'name': 'ctrsa', 'num': 77}, {'name': 'IEEEpact', 'num': 91}, {'name': 'rtas', 'num': 74}, {'name': 'vee', 'num': 25}, {'name': 'codes', 'num': 88}, {'name': 'tciaig', 'num': 34}, {'name': 'ivc', 'num': 184}, {'name': 'ida', 'num': 133}, {'name': 'ijcia', 'num': 44}, {'name': 'ijdar', 'num': 36}, {'name': 'icsr', 'num': 27}, {'name': 'icwe', 'num': 147}, {'name': 'spin', 'num': 44}, {'name': 'lopstr', 'num': 39}, {'name': 'rt', 'num': 31}, {'name': 'icmcs', 'num': 1272}, {'name': 'icassp', 'num': 5430}, {'name': 'pods', 'num': 70}, {'name': 'dasfaa', 'num': 263}, {'name': 'ecml', 'num': 434}, {'name': 'semweb', 'num': 857}, {'name': 'icdm', 'num': 320}, {'name': 'icdt', 'num': 146}, {'name': 'edbt', 'num': 235}] has written 15421 rows to json successfully!
[2018-12-24 00:00:21] [INFO] pro: 451/580 ...
[2018-12-24 00:00:30] [INFO] pro: 452/580 ...
[2018-12-24 00:00:40] [INFO] pro: 453/580 ...
[2018-12-24 00:00:45] [INFO] pro: 454/580 ...
[2018-12-24 00:00:52] [INFO] pro: 455/580 ...
[2018-12-24 00:01:00] [INFO] pro: 456/580 ...
[2018-12-24 00:01:08] [INFO] pro: 457/580 ...
[2018-12-24 00:01:16] [INFO] pro: 458/580 ...
[2018-12-24 00:01:30] [INFO] pro: 459/580 ...
[2018-12-24 00:01:49] [INFO] pro: 460/580 ...
[2018-12-24 00:01:51] [INFO] pro: 461/580 ...
[2018-12-24 00:01:58] [INFO] pro: 462/580 ...
[2018-12-24 00:02:07] [INFO] pro: 463/580 ...
[2018-12-24 00:02:17] [INFO] pro: 464/580 ...
[2018-12-24 00:02:25] [INFO] pro: 465/580 ...
[2018-12-24 00:02:46] [INFO] pro: 466/580 ...
[2018-12-24 00:02:55] [INFO] pro: 467/580 ...
[2018-12-24 00:03:06] [INFO] pro: 468/580 ...
[2018-12-24 00:03:23] [INFO] pro: 469/580 ...
[2018-12-24 00:03:30] [INFO] pro: 470/580 ...
[2018-12-24 00:03:44] [INFO] pro: 471/580 ...
[2018-12-24 00:03:50] [INFO] pro: 472/580 ...
[2018-12-24 00:04:04] [INFO] pro: 473/580 ...
[2018-12-24 00:04:11] [INFO] pro: 474/580 ...
[2018-12-24 00:04:18] [INFO] pro: 475/580 ...
[2018-12-24 00:04:26] [INFO] pro: 476/580 ...
[2018-12-24 00:04:33] [INFO] pro: 477/580 ...
[2018-12-24 00:04:37] [INFO] pro: 478/580 ...
[2018-12-24 00:04:46] [INFO] pro: 479/580 ...
[2018-12-24 00:04:55] [INFO] pro: 480/580 ...
[2018-12-24 00:05:01] [INFO] pro: 481/580 ...
[2018-12-24 00:05:35] [INFO] pro: 482/580 ...
[2018-12-24 00:05:53] [INFO] pro: 483/580 ...
[2018-12-24 00:05:56] [INFO] pro: 484/580 ...
[2018-12-24 00:06:21] [INFO] pro: 485/580 ...
[2018-12-24 00:06:23] [INFO] pro: 486/580 ...
[2018-12-24 00:06:33] [INFO] pro: 487/580 ...
[2018-12-24 00:06:45] [INFO] pro: 488/580 ...
[2018-12-24 00:07:02] [INFO] pro: 489/580 ...
[2018-12-24 00:07:25] [INFO] pro: 490/580 ...
[2018-12-24 00:07:31] [INFO] pro: 491/580 ...
[2018-12-24 00:07:35] [INFO] pro: 492/580 ...
[2018-12-24 00:07:45] [INFO] pro: 493/580 ...
[2018-12-24 00:07:59] [INFO] pro: 494/580 ...
[2018-12-24 00:08:06] [INFO] pro: 495/580 ...
[2018-12-24 00:08:16] [INFO] pro: 496/580 ...
[2018-12-24 00:08:24] [INFO] pro: 497/580 ...
[2018-12-24 00:08:33] [INFO] pro: 498/580 ...
[2018-12-24 00:08:38] [INFO] pro: 499/580 ...
[2018-12-24 00:08:48] [INFO] pro: 500/580 ...
[2018-12-24 00:08:48] [INFO] [{'name': 'cidr', 'num': 74}, {'name': 'mfcs', 'num': 342}, {'name': 'stacs', 'num': 236}, {'name': 'fmcad', 'num': 36}, {'name': 'sat', 'num': 57}, {'name': 'ictac', 'num': 44}, {'name': 'soups', 'num': 74}, {'name': 'sacrypt', 'num': 53}, {'name': 'trustcom', 'num': 440}, {'name': 'pam', 'num': 40}, {'name': 'itc', 'num': 112}, {'name': 'cloud', 'num': 312}, {'name': 'cf', 'num': 128}, {'name': 'nocs', 'num': 47}, {'name': 'aspdac', 'num': 580}, {'name': 'asap', 'num': 118}, {'name': 'cluster', 'num': 317}, {'name': 'ijis', 'num': 184}, {'name': 'ijns', 'num': 98}, {'name': 'ijprai', 'num': 340}, {'name': 'tase', 'num': 58}, {'name': 'icst', 'num': 241}, {'name': 'atva', 'num': 65}, {'name': 'ispass', 'num': 63}, {'name': 'IEEEscc', 'num': 115}, {'name': 'ispw', 'num': 43}, {'name': 'ca', 'num': 36}, {'name': 'cgi', 'num': 158}, {'name': 'ismar', 'num': 100}, {'name': 'apvis', 'num': 70}, {'name': 'icip', 'num': 3526}, {'name': 'mmm', 'num': 325}, {'name': 'pcm', 'num': 413}, {'name': 'sdm', 'num': 362}, {'name': 'wsdm', 'num': 219}, {'name': 'dexa', 'num': 205}, {'name': 'ecir', 'num': 316}, {'name': 'webdb', 'num': 26}, {'name': 'ccgrid', 'num': 224}, {'name': 'europar', 'num': 232}, {'name': 'ets', 'num': 150}, {'name': 'fpl', 'num': 305}, {'name': 'fccm', 'num': 109}, {'name': 'glvlsi', 'num': 195}, {'name': 'hpcc', 'num': 88}, {'name': 'ijcia', 'num': 44}] has written 11320 rows to json successfully!
[2018-12-24 00:08:56] [INFO] pro: 501/580 ...
[2018-12-24 00:10:43] [INFO] pro: 502/580 ...
[2018-12-24 00:10:51] [INFO] pro: 503/580 ...
[2018-12-24 00:11:04] [INFO] pro: 504/580 ...
[2018-12-24 00:11:07] [INFO] pro: 505/580 ...
[2018-12-24 00:11:24] [INFO] pro: 506/580 ...
[2018-12-24 00:11:31] [INFO] pro: 507/580 ...
[2018-12-24 00:11:40] [INFO] pro: 508/580 ...
[2018-12-24 00:11:58] [INFO] pro: 509/580 ...
[2018-12-24 00:12:03] [INFO] pro: 510/580 ...
[2018-12-24 00:12:26] [INFO] pro: 511/580 ...
[2018-12-24 00:12:43] [INFO] pro: 512/580 ...
[2018-12-24 00:12:57] [INFO] pro: 513/580 ...
[2018-12-24 00:13:04] [INFO] pro: 514/580 ...
[2018-12-24 00:13:08] [INFO] pro: 515/580 ...
[2018-12-24 00:13:24] [INFO] pro: 516/580 ...
[2018-12-24 00:13:31] [INFO] pro: 517/580 ...
[2018-12-24 00:13:44] [INFO] pro: 518/580 ...
[2018-12-24 00:13:50] [INFO] pro: 519/580 ...
[2018-12-24 00:13:59] [INFO] pro: 520/580 ...
[2018-12-24 00:14:06] [INFO] pro: 521/580 ...
[2018-12-24 00:14:41] [INFO] pro: 522/580 ...
[2018-12-24 00:14:46] [INFO] pro: 523/580 ...
[2018-12-24 00:14:52] [INFO] pro: 524/580 ...
[2018-12-24 00:15:28] [INFO] pro: 525/580 ...
[2018-12-24 00:15:51] [ERROR] https://dblp.uni-trier.de/db/conf/islped/islped2018.html Exc..., try again after 10s
[2018-12-24 00:15:51] [ERROR] HTTPSConnectionPool(host='dblp.uni-trier.de', port=443): Max retries exceeded with url: /db/conf/islped/islped2018.html (Caused by ConnectTimeoutError(<requests.packages.urllib3.connection.VerifiedHTTPSConnection object at 0x000001FD4698EC50>, 'Connection to dblp.uni-trier.de timed out. (connect timeout=20)'))
[2018-12-24 00:16:06] [INFO] pro: 526/580 ...
[2018-12-24 00:16:14] [INFO] pro: 527/580 ...
[2018-12-24 00:16:22] [INFO] pro: 528/580 ...
[2018-12-24 00:16:35] [INFO] pro: 529/580 ...
[2018-12-24 00:16:58] [INFO] pro: 530/580 ...
[2018-12-24 00:17:03] [INFO] pro: 531/580 ...
[2018-12-24 00:17:11] [INFO] pro: 532/580 ...
[2018-12-24 00:17:19] [INFO] pro: 533/580 ...
[2018-12-24 00:17:27] [INFO] pro: 534/580 ...
[2018-12-24 00:17:40] [INFO] pro: 535/580 ...
[2018-12-24 00:21:30] [INFO] pro: 536/580 ...
[2018-12-24 00:21:39] [INFO] pro: 537/580 ...
[2018-12-24 00:22:48] [INFO] pro: 538/580 ...
[2018-12-24 00:22:56] [INFO] pro: 539/580 ...
[2018-12-24 00:23:21] [INFO] pro: 540/580 ...
[2018-12-24 00:23:27] [INFO] pro: 541/580 ...
[2018-12-24 00:24:09] [INFO] pro: 542/580 ...
[2018-12-24 00:24:56] [INFO] pro: 543/580 ...
[2018-12-24 00:25:17] [INFO] pro: 544/580 ...
[2018-12-24 00:25:48] [INFO] pro: 545/580 ...
[2018-12-24 00:26:47] [INFO] pro: 546/580 ...
[2018-12-24 00:27:23] [INFO] pro: 547/580 ...
[2018-12-24 00:28:06] [INFO] pro: 548/580 ...
[2018-12-24 00:28:14] [INFO] pro: 549/580 ...
[2018-12-24 00:28:50] [INFO] pro: 550/580 ...
[2018-12-24 00:28:51] [INFO] [{'name': 'jetai', 'num': 131}, {'name': 'kbs', 'num': 848}, {'name': 'msr', 'num': 144}, {'name': 'refsq', 'num': 117}, {'name': 'er', 'num': 206}, {'name': 'mdm', 'num': 105}, {'name': 'ssdbm', 'num': 108}, {'name': 'waim', 'num': 216}, {'name': 'ssd', 'num': 32}, {'name': 'pakdd', 'num': 344}, {'name': 'apweb', 'num': 216}, {'name': 'wise', 'num': 150}, {'name': 'mascots', 'num': 59}, {'name': 'npc', 'num': 38}, {'name': 'ica3pp', 'num': 257}, {'name': 'cases', 'num': 72}, {'name': 'fpt', 'num': 53}, {'name': 'mt', 'num': 35}, {'name': 'mva', 'num': 156}, {'name': 'ease', 'num': 102}, {'name': 'esws', 'num': 369}, {'name': 'hipc', 'num': 44}, {'name': 'icpads', 'num': 103}, {'name': 'iscas', 'num': 3404}, {'name': 'islped', 'num': 117}, {'name': 'ispd', 'num': 58}, {'name': 'nc', 'num': 113}, {'name': 'nle', 'num': 79}, {'name': 'nca', 'num': 986}, {'name': 'hoti', 'num': 16}, {'name': 'vts', 'num': 196}, {'name': 'ispa', 'num': 210}, {'name': 'systor', 'num': 64}, {'name': 'npl', 'num': 290}, {'name': 'ijon', 'num': 2525}, {'name': 'paa', 'num': 165}, {'name': 'prl', 'num': 535}, {'name': 'ats', 'num': 80}, {'name': 'soco', 'num': 1138}, {'name': 'wias', 'num': 45}, {'name': 'aaai', 'num': 2162}, {'name': 'cvpr', 'num': 3175}, {'name': 'iccv', 'num': 992}, {'name': 'icml', 'num': 2110}, {'name': 'ijcai', 'num': 1896}, {'name': 'nips', 'num': 3408}, {'name': 'acl', 'num': 1646}, {'name': 'colt', 'num': 170}, {'name': 'emnlp', 'num': 2020}] has written 31505 rows to json successfully!
[2018-12-24 00:29:01] [INFO] pro: 551/580 ...
[2018-12-24 00:29:51] [INFO] pro: 552/580 ...
[2018-12-24 00:30:25] [INFO] pro: 553/580 ...
[2018-12-24 00:30:33] [INFO] pro: 554/580 ...
[2018-12-24 00:30:47] [INFO] pro: 555/580 ...
[2018-12-24 00:31:03] [INFO] pro: 556/580 ...
[2018-12-24 00:31:11] [INFO] pro: 557/580 ...
[2018-12-24 00:31:19] [INFO] pro: 558/580 ...
[2018-12-24 00:31:52] [INFO] pro: 559/580 ...
[2018-12-24 00:32:01] [INFO] pro: 560/580 ...
[2018-12-24 00:32:23] [INFO] pro: 561/580 ...
[2018-12-24 00:32:40] [INFO] pro: 562/580 ...
[2018-12-24 00:33:06] [INFO] pro: 563/580 ...
[2018-12-24 00:33:22] [INFO] pro: 564/580 ...
[2018-12-24 00:33:32] [INFO] pro: 565/580 ...
[2018-12-24 00:33:51] [INFO] pro: 566/580 ...
[2018-12-24 00:34:01] [INFO] pro: 567/580 ...
[2018-12-24 00:34:27] [INFO] pro: 568/580 ...
[2018-12-24 00:34:46] [INFO] pro: 569/580 ...
[2018-12-24 00:34:56] [INFO] pro: 570/580 ...
[2018-12-24 00:35:42] [INFO] pro: 571/580 ...
[2018-12-24 00:36:09] [INFO] pro: 572/580 ...
[2018-12-24 00:36:19] [INFO] pro: 573/580 ...
[2018-12-24 00:36:49] [INFO] pro: 574/580 ...
[2018-12-24 00:37:02] [INFO] pro: 575/580 ...
[2018-12-24 00:37:27] [INFO] pro: 576/580 ...
[2018-12-24 00:37:41] [INFO] pro: 577/580 ...
[2018-12-24 00:38:02] [INFO] pro: 578/580 ...
[2018-12-24 00:38:14] [INFO] pro: 579/580 ...
[2018-12-24 00:38:19] [INFO] pro: 580/580 ...
[2018-12-24 00:38:20] [INFO] [{'name': 'ecai', 'num': 42}, {'name': 'eccv', 'num': 776}, {'name': 'icra', 'num': 3224}, {'name': 'aips', 'num': 136}, {'name': 'iccbr', 'num': 133}, {'name': 'coling', 'num': 748}, {'name': 'kr', 'num': 100}, {'name': 'uai', 'num': 99}, {'name': 'atal', 'num': 824}, {'name': 'ppsn', 'num': 81}, {'name': 'accv', 'num': 277}, {'name': 'conll', 'num': 380}, {'name': 'gecco', 'num': 996}, {'name': 'ictai', 'num': 690}, {'name': 'alt', 'num': 136}, {'name': 'icann', 'num': 344}, {'name': 'fgr', 'num': 264}, {'name': 'icdar', 'num': 373}, {'name': 'ilp', 'num': 128}, {'name': 'ksem', 'num': 135}, {'name': 'iconip', 'num': 964}, {'name': 'icpr', 'num': 1351}, {'name': 'icb', 'num': 244}, {'name': 'ijcnn', 'num': 2750}, {'name': 'pricai', 'num': 296}, {'name': 'naacl', 'num': 806}, {'name': 'bmvc', 'num': 469}, {'name': 'iros', 'num': 1756}, {'name': 'aistats', 'num': 766}, {'name': 'acml', 'num': 42}] has written 19330 rows to json successfully!
